{"C:\\Users\\Satish\\Downloads\\smart-timetable\\backend\\app.js": {"path":"C:\\Users\\Satish\\Downloads\\smart-timetable\\backend\\app.js","statementMap":{"0":{"start":{"line":2,"column":16},"end":{"line":2,"column":34}},"1":{"start":{"line":3,"column":13},"end":{"line":3,"column":28}},"2":{"start":{"line":4,"column":15},"end":{"line":4,"column":32}},"3":{"start":{"line":5,"column":18},"end":{"line":5,"column":47}},"4":{"start":{"line":6,"column":18},"end":{"line":6,"column":46}},"5":{"start":{"line":7,"column":0},"end":{"line":7,"column":27}},"6":{"start":{"line":9,"column":24},"end":{"line":9,"column":51}},"7":{"start":{"line":10,"column":23},"end":{"line":10,"column":77}},"8":{"start":{"line":10,"column":56},"end":{"line":10,"column":76}},"9":{"start":{"line":12,"column":0},"end":{"line":16,"column":1}},"10":{"start":{"line":13,"column":2},"end":{"line":13,"column":61}},"11":{"start":{"line":14,"column":2},"end":{"line":14,"column":68}},"12":{"start":{"line":14,"column":35},"end":{"line":14,"column":66}},"13":{"start":{"line":15,"column":2},"end":{"line":15,"column":18}},"14":{"start":{"line":18,"column":0},"end":{"line":18,"column":12}},"15":{"start":{"line":20,"column":12},"end":{"line":20,"column":21}},"16":{"start":{"line":22,"column":0},"end":{"line":22,"column":18}},"17":{"start":{"line":23,"column":0},"end":{"line":28,"column":4}},"18":{"start":{"line":29,"column":0},"end":{"line":29,"column":41}},"19":{"start":{"line":30,"column":0},"end":{"line":30,"column":49}},"20":{"start":{"line":32,"column":16},"end":{"line":39,"column":2}},"21":{"start":{"line":40,"column":0},"end":{"line":40,"column":26}},"22":{"start":{"line":43,"column":0},"end":{"line":43,"column":47}},"23":{"start":{"line":44,"column":0},"end":{"line":44,"column":49}},"24":{"start":{"line":45,"column":0},"end":{"line":45,"column":57}},"25":{"start":{"line":46,"column":0},"end":{"line":46,"column":55}},"26":{"start":{"line":47,"column":0},"end":{"line":47,"column":53}},"27":{"start":{"line":48,"column":0},"end":{"line":48,"column":65}},"28":{"start":{"line":49,"column":0},"end":{"line":49,"column":59}},"29":{"start":{"line":50,"column":0},"end":{"line":50,"column":68}},"30":{"start":{"line":51,"column":0},"end":{"line":51,"column":65}},"31":{"start":{"line":53,"column":0},"end":{"line":62,"column":3}},"32":{"start":{"line":54,"column":2},"end":{"line":61,"column":5}},"33":{"start":{"line":65,"column":0},"end":{"line":82,"column":3}},"34":{"start":{"line":66,"column":14},"end":{"line":66,"column":24}},"35":{"start":{"line":67,"column":2},"end":{"line":67,"column":30}},"36":{"start":{"line":69,"column":2},"end":{"line":69,"column":34}},"37":{"start":{"line":71,"column":2},"end":{"line":71,"column":91}},"38":{"start":{"line":71,"column":32},"end":{"line":71,"column":91}},"39":{"start":{"line":72,"column":2},"end":{"line":72,"column":96}},"40":{"start":{"line":72,"column":26},"end":{"line":72,"column":96}},"41":{"start":{"line":73,"column":2},"end":{"line":76,"column":3}},"42":{"start":{"line":74,"column":20},"end":{"line":74,"column":80}},"43":{"start":{"line":74,"column":57},"end":{"line":74,"column":68}},"44":{"start":{"line":75,"column":4},"end":{"line":75,"column":41}},"45":{"start":{"line":78,"column":2},"end":{"line":81,"column":5}},"46":{"start":{"line":84,"column":0},"end":{"line":89,"column":3}},"47":{"start":{"line":85,"column":2},"end":{"line":88,"column":5}},"48":{"start":{"line":91,"column":0},"end":{"line":91,"column":21}}},"fnMap":{"0":{"name":"(anonymous_0)","decl":{"start":{"line":10,"column":46},"end":{"line":10,"column":47}},"loc":{"start":{"line":10,"column":56},"end":{"line":10,"column":76}},"line":10},"1":{"name":"(anonymous_1)","decl":{"start":{"line":14,"column":25},"end":{"line":14,"column":26}},"loc":{"start":{"line":14,"column":35},"end":{"line":14,"column":66}},"line":14},"2":{"name":"(anonymous_2)","decl":{"start":{"line":53,"column":23},"end":{"line":53,"column":24}},"loc":{"start":{"line":53,"column":37},"end":{"line":62,"column":1}},"line":53},"3":{"name":"(anonymous_3)","decl":{"start":{"line":65,"column":8},"end":{"line":65,"column":9}},"loc":{"start":{"line":65,"column":33},"end":{"line":82,"column":1}},"line":65},"4":{"name":"(anonymous_4)","decl":{"start":{"line":74,"column":50},"end":{"line":74,"column":51}},"loc":{"start":{"line":74,"column":57},"end":{"line":74,"column":68}},"line":74},"5":{"name":"(anonymous_5)","decl":{"start":{"line":84,"column":13},"end":{"line":84,"column":14}},"loc":{"start":{"line":84,"column":27},"end":{"line":89,"column":1}},"line":84}},"branchMap":{"0":{"loc":{"start":{"line":12,"column":0},"end":{"line":16,"column":1}},"type":"if","locations":[{"start":{"line":12,"column":0},"end":{"line":16,"column":1}},{"start":{},"end":{}}],"line":12},"1":{"loc":{"start":{"line":24,"column":10},"end":{"line":26,"column":56}},"type":"cond-expr","locations":[{"start":{"line":25,"column":6},"end":{"line":25,"column":32}},{"start":{"line":26,"column":6},"end":{"line":26,"column":56}}],"line":24},"2":{"loc":{"start":{"line":71,"column":2},"end":{"line":71,"column":91}},"type":"if","locations":[{"start":{"line":71,"column":2},"end":{"line":71,"column":91}},{"start":{},"end":{}}],"line":71},"3":{"loc":{"start":{"line":72,"column":2},"end":{"line":72,"column":96}},"type":"if","locations":[{"start":{"line":72,"column":2},"end":{"line":72,"column":96}},{"start":{},"end":{}}],"line":72},"4":{"loc":{"start":{"line":73,"column":2},"end":{"line":76,"column":3}},"type":"if","locations":[{"start":{"line":73,"column":2},"end":{"line":76,"column":3}},{"start":{},"end":{}}],"line":73},"5":{"loc":{"start":{"line":78,"column":13},"end":{"line":78,"column":36}},"type":"binary-expr","locations":[{"start":{"line":78,"column":13},"end":{"line":78,"column":29}},{"start":{"line":78,"column":33},"end":{"line":78,"column":36}}],"line":78},"6":{"loc":{"start":{"line":80,"column":13},"end":{"line":80,"column":44}},"type":"binary-expr","locations":[{"start":{"line":80,"column":13},"end":{"line":80,"column":26}},{"start":{"line":80,"column":30},"end":{"line":80,"column":44}}],"line":80}},"s":{"0":1,"1":1,"2":1,"3":1,"4":1,"5":1,"6":1,"7":1,"8":2,"9":1,"10":0,"11":0,"12":0,"13":0,"14":1,"15":1,"16":1,"17":1,"18":1,"19":1,"20":1,"21":1,"22":1,"23":1,"24":1,"25":1,"26":1,"27":1,"28":1,"29":1,"30":1,"31":1,"32":1,"33":1,"34":0,"35":0,"36":0,"37":0,"38":0,"39":0,"40":0,"41":0,"42":0,"43":0,"44":0,"45":0,"46":1,"47":0,"48":1},"f":{"0":2,"1":0,"2":1,"3":0,"4":0,"5":0},"b":{"0":[0,1],"1":[0,1],"2":[0,0],"3":[0,0],"4":[0,0],"5":[0,0],"6":[0,0]},"_coverageSchema":"1a1c01bbd47fc00a2c39e90264f33305004495a9","hash":"bd6b38c0d79bd25a28f6238037ef38045f9e0dac"}
,"C:\\Users\\Satish\\Downloads\\smart-timetable\\backend\\config\\database.js": {"path":"C:\\Users\\Satish\\Downloads\\smart-timetable\\backend\\config\\database.js","statementMap":{"0":{"start":{"line":1,"column":17},"end":{"line":1,"column":36}},"1":{"start":{"line":3,"column":18},"end":{"line":55,"column":1}},"2":{"start":{"line":4,"column":2},"end":{"line":54,"column":3}},"3":{"start":{"line":6,"column":20},"end":{"line":11,"column":5}},"4":{"start":{"line":13,"column":17},"end":{"line":13,"column":71}},"5":{"start":{"line":15,"column":4},"end":{"line":15,"column":53}},"6":{"start":{"line":16,"column":4},"end":{"line":16,"column":52}},"7":{"start":{"line":17,"column":4},"end":{"line":17,"column":58}},"8":{"start":{"line":18,"column":4},"end":{"line":18,"column":107}},"9":{"start":{"line":21,"column":4},"end":{"line":23,"column":7}},"10":{"start":{"line":22,"column":6},"end":{"line":22,"column":56}},"11":{"start":{"line":25,"column":4},"end":{"line":27,"column":7}},"12":{"start":{"line":26,"column":6},"end":{"line":26,"column":46}},"13":{"start":{"line":29,"column":4},"end":{"line":31,"column":7}},"14":{"start":{"line":30,"column":6},"end":{"line":30,"column":44}},"15":{"start":{"line":34,"column":4},"end":{"line":38,"column":7}},"16":{"start":{"line":35,"column":6},"end":{"line":35,"column":40}},"17":{"start":{"line":36,"column":6},"end":{"line":36,"column":73}},"18":{"start":{"line":37,"column":6},"end":{"line":37,"column":22}},"19":{"start":{"line":41,"column":4},"end":{"line":41,"column":50}},"20":{"start":{"line":42,"column":4},"end":{"line":42,"column":45}},"21":{"start":{"line":45,"column":4},"end":{"line":51,"column":5}},"22":{"start":{"line":46,"column":6},"end":{"line":46,"column":43}},"23":{"start":{"line":47,"column":6},"end":{"line":47,"column":59}},"24":{"start":{"line":48,"column":6},"end":{"line":48,"column":61}},"25":{"start":{"line":49,"column":6},"end":{"line":49,"column":75}},"26":{"start":{"line":50,"column":6},"end":{"line":50,"column":60}},"27":{"start":{"line":53,"column":4},"end":{"line":53,"column":20}},"28":{"start":{"line":57,"column":0},"end":{"line":57,"column":27}}},"fnMap":{"0":{"name":"(anonymous_0)","decl":{"start":{"line":3,"column":18},"end":{"line":3,"column":19}},"loc":{"start":{"line":3,"column":30},"end":{"line":55,"column":1}},"line":3},"1":{"name":"(anonymous_1)","decl":{"start":{"line":21,"column":36},"end":{"line":21,"column":37}},"loc":{"start":{"line":21,"column":45},"end":{"line":23,"column":5}},"line":21},"2":{"name":"(anonymous_2)","decl":{"start":{"line":25,"column":43},"end":{"line":25,"column":44}},"loc":{"start":{"line":25,"column":49},"end":{"line":27,"column":5}},"line":25},"3":{"name":"(anonymous_3)","decl":{"start":{"line":29,"column":42},"end":{"line":29,"column":43}},"loc":{"start":{"line":29,"column":48},"end":{"line":31,"column":5}},"line":29},"4":{"name":"(anonymous_4)","decl":{"start":{"line":34,"column":25},"end":{"line":34,"column":26}},"loc":{"start":{"line":34,"column":37},"end":{"line":38,"column":5}},"line":34}},"branchMap":{"0":{"loc":{"start":{"line":18,"column":40},"end":{"line":18,"column":103}},"type":"cond-expr","locations":[{"start":{"line":18,"column":75},"end":{"line":18,"column":86}},{"start":{"line":18,"column":89},"end":{"line":18,"column":103}}],"line":18},"1":{"loc":{"start":{"line":45,"column":4},"end":{"line":51,"column":5}},"type":"if","locations":[{"start":{"line":45,"column":4},"end":{"line":51,"column":5}},{"start":{},"end":{}}],"line":45}},"s":{"0":1,"1":1,"2":1,"3":1,"4":1,"5":0,"6":0,"7":0,"8":0,"9":0,"10":0,"11":0,"12":0,"13":0,"14":0,"15":0,"16":0,"17":0,"18":0,"19":0,"20":0,"21":0,"22":0,"23":0,"24":0,"25":0,"26":0,"27":0,"28":1},"f":{"0":1,"1":0,"2":0,"3":0,"4":0},"b":{"0":[0,0],"1":[0,0]},"_coverageSchema":"1a1c01bbd47fc00a2c39e90264f33305004495a9","hash":"1a5e76d216c258c241b10fe4d424464594a68bc4"}
,"C:\\Users\\Satish\\Downloads\\smart-timetable\\backend\\middleware\\auth.js": {"path":"C:\\Users\\Satish\\Downloads\\smart-timetable\\backend\\middleware\\auth.js","statementMap":{"0":{"start":{"line":1,"column":12},"end":{"line":1,"column":35}},"1":{"start":{"line":2,"column":13},"end":{"line":2,"column":38}},"2":{"start":{"line":5,"column":16},"end":{"line":49,"column":1}},"3":{"start":{"line":8,"column":2},"end":{"line":41,"column":3}},"4":{"start":{"line":9,"column":4},"end":{"line":40,"column":5}},"5":{"start":{"line":11,"column":6},"end":{"line":11,"column":54}},"6":{"start":{"line":14,"column":22},"end":{"line":14,"column":63}},"7":{"start":{"line":17,"column":6},"end":{"line":17,"column":73}},"8":{"start":{"line":19,"column":6},"end":{"line":24,"column":7}},"9":{"start":{"line":20,"column":8},"end":{"line":23,"column":11}},"10":{"start":{"line":26,"column":6},"end":{"line":31,"column":7}},"11":{"start":{"line":27,"column":8},"end":{"line":30,"column":11}},"12":{"start":{"line":33,"column":6},"end":{"line":33,"column":13}},"13":{"start":{"line":35,"column":6},"end":{"line":35,"column":56}},"14":{"start":{"line":36,"column":6},"end":{"line":39,"column":9}},"15":{"start":{"line":43,"column":2},"end":{"line":48,"column":3}},"16":{"start":{"line":44,"column":4},"end":{"line":47,"column":7}},"17":{"start":{"line":52,"column":18},"end":{"line":62,"column":1}},"18":{"start":{"line":53,"column":2},"end":{"line":61,"column":4}},"19":{"start":{"line":54,"column":4},"end":{"line":59,"column":5}},"20":{"start":{"line":55,"column":6},"end":{"line":58,"column":9}},"21":{"start":{"line":60,"column":4},"end":{"line":60,"column":11}},"22":{"start":{"line":65,"column":22},"end":{"line":69,"column":1}},"23":{"start":{"line":66,"column":2},"end":{"line":68,"column":5}},"24":{"start":{"line":72,"column":26},"end":{"line":100,"column":1}},"25":{"start":{"line":74,"column":16},"end":{"line":74,"column":39}},"26":{"start":{"line":76,"column":18},"end":{"line":81,"column":3}},"27":{"start":{"line":83,"column":2},"end":{"line":85,"column":3}},"28":{"start":{"line":84,"column":4},"end":{"line":84,"column":26}},"29":{"start":{"line":87,"column":2},"end":{"line":99,"column":5}},"30":{"start":{"line":102,"column":0},"end":{"line":107,"column":2}}},"fnMap":{"0":{"name":"(anonymous_0)","decl":{"start":{"line":5,"column":16},"end":{"line":5,"column":17}},"loc":{"start":{"line":5,"column":42},"end":{"line":49,"column":1}},"line":5},"1":{"name":"(anonymous_1)","decl":{"start":{"line":52,"column":18},"end":{"line":52,"column":19}},"loc":{"start":{"line":52,"column":32},"end":{"line":62,"column":1}},"line":52},"2":{"name":"(anonymous_2)","decl":{"start":{"line":53,"column":9},"end":{"line":53,"column":10}},"loc":{"start":{"line":53,"column":29},"end":{"line":61,"column":3}},"line":53},"3":{"name":"(anonymous_3)","decl":{"start":{"line":65,"column":22},"end":{"line":65,"column":23}},"loc":{"start":{"line":65,"column":30},"end":{"line":69,"column":1}},"line":65},"4":{"name":"(anonymous_4)","decl":{"start":{"line":72,"column":26},"end":{"line":72,"column":27}},"loc":{"start":{"line":72,"column":53},"end":{"line":100,"column":1}},"line":72}},"branchMap":{"0":{"loc":{"start":{"line":8,"column":2},"end":{"line":41,"column":3}},"type":"if","locations":[{"start":{"line":8,"column":2},"end":{"line":41,"column":3}},{"start":{},"end":{}}],"line":8},"1":{"loc":{"start":{"line":8,"column":6},"end":{"line":8,"column":81}},"type":"binary-expr","locations":[{"start":{"line":8,"column":6},"end":{"line":8,"column":31}},{"start":{"line":8,"column":35},"end":{"line":8,"column":81}}],"line":8},"2":{"loc":{"start":{"line":19,"column":6},"end":{"line":24,"column":7}},"type":"if","locations":[{"start":{"line":19,"column":6},"end":{"line":24,"column":7}},{"start":{},"end":{}}],"line":19},"3":{"loc":{"start":{"line":26,"column":6},"end":{"line":31,"column":7}},"type":"if","locations":[{"start":{"line":26,"column":6},"end":{"line":31,"column":7}},{"start":{},"end":{}}],"line":26},"4":{"loc":{"start":{"line":43,"column":2},"end":{"line":48,"column":3}},"type":"if","locations":[{"start":{"line":43,"column":2},"end":{"line":48,"column":3}},{"start":{},"end":{}}],"line":43},"5":{"loc":{"start":{"line":54,"column":4},"end":{"line":59,"column":5}},"type":"if","locations":[{"start":{"line":54,"column":4},"end":{"line":59,"column":5}},{"start":{},"end":{}}],"line":54},"6":{"loc":{"start":{"line":83,"column":2},"end":{"line":85,"column":3}},"type":"if","locations":[{"start":{"line":83,"column":2},"end":{"line":85,"column":3}},{"start":{},"end":{}}],"line":83}},"s":{"0":1,"1":1,"2":1,"3":0,"4":0,"5":0,"6":0,"7":0,"8":0,"9":0,"10":0,"11":0,"12":0,"13":0,"14":0,"15":0,"16":0,"17":1,"18":0,"19":0,"20":0,"21":0,"22":1,"23":0,"24":1,"25":0,"26":0,"27":0,"28":0,"29":0,"30":1},"f":{"0":0,"1":0,"2":0,"3":0,"4":0},"b":{"0":[0,0],"1":[0,0],"2":[0,0],"3":[0,0],"4":[0,0],"5":[0,0],"6":[0,0]},"_coverageSchema":"1a1c01bbd47fc00a2c39e90264f33305004495a9","hash":"2525aee03bf2face971c832a7596aaab560daeb4"}
,"C:\\Users\\Satish\\Downloads\\smart-timetable\\backend\\models\\Class.js": {"path":"C:\\Users\\Satish\\Downloads\\smart-timetable\\backend\\models\\Class.js","statementMap":{"0":{"start":{"line":1,"column":17},"end":{"line":1,"column":36}},"1":{"start":{"line":3,"column":20},"end":{"line":37,"column":2}},"2":{"start":{"line":39,"column":0},"end":{"line":39,"column":54}}},"fnMap":{},"branchMap":{},"s":{"0":1,"1":1,"2":1},"f":{},"b":{},"_coverageSchema":"1a1c01bbd47fc00a2c39e90264f33305004495a9","hash":"cef43af3714fb0cb05bd622adbbc2fb9dd8a21fa"}
,"C:\\Users\\Satish\\Downloads\\smart-timetable\\backend\\models\\Notification.js": {"path":"C:\\Users\\Satish\\Downloads\\smart-timetable\\backend\\models\\Notification.js","statementMap":{"0":{"start":{"line":1,"column":17},"end":{"line":1,"column":36}},"1":{"start":{"line":3,"column":27},"end":{"line":50,"column":2}},"2":{"start":{"line":53,"column":0},"end":{"line":53,"column":55}},"3":{"start":{"line":54,"column":0},"end":{"line":54,"column":51}},"4":{"start":{"line":56,"column":0},"end":{"line":56,"column":68}}},"fnMap":{},"branchMap":{},"s":{"0":1,"1":1,"2":1,"3":1,"4":1},"f":{},"b":{},"_coverageSchema":"1a1c01bbd47fc00a2c39e90264f33305004495a9","hash":"c7ca4db83410777544cf3db9e7e5bf811e582228"}
,"C:\\Users\\Satish\\Downloads\\smart-timetable\\backend\\models\\Schedule.js": {"path":"C:\\Users\\Satish\\Downloads\\smart-timetable\\backend\\models\\Schedule.js","statementMap":{"0":{"start":{"line":1,"column":17},"end":{"line":1,"column":36}},"1":{"start":{"line":3,"column":23},"end":{"line":40,"column":2}},"2":{"start":{"line":43,"column":0},"end":{"line":52,"column":3}},"3":{"start":{"line":44,"column":16},"end":{"line":44,"column":59}},"4":{"start":{"line":45,"column":14},"end":{"line":45,"column":55}},"5":{"start":{"line":47,"column":2},"end":{"line":51,"column":3}},"6":{"start":{"line":48,"column":4},"end":{"line":48,"column":57}},"7":{"start":{"line":50,"column":4},"end":{"line":50,"column":11}},"8":{"start":{"line":54,"column":0},"end":{"line":54,"column":60}}},"fnMap":{"0":{"name":"(anonymous_0)","decl":{"start":{"line":43,"column":27},"end":{"line":43,"column":28}},"loc":{"start":{"line":43,"column":42},"end":{"line":52,"column":1}},"line":43}},"branchMap":{"0":{"loc":{"start":{"line":47,"column":2},"end":{"line":51,"column":3}},"type":"if","locations":[{"start":{"line":47,"column":2},"end":{"line":51,"column":3}},{"start":{"line":49,"column":9},"end":{"line":51,"column":3}}],"line":47}},"s":{"0":1,"1":1,"2":1,"3":0,"4":0,"5":0,"6":0,"7":0,"8":1},"f":{"0":0},"b":{"0":[0,0]},"_coverageSchema":"1a1c01bbd47fc00a2c39e90264f33305004495a9","hash":"bacc6105f0948aad971e646fb8f4d26a28751eee"}
,"C:\\Users\\Satish\\Downloads\\smart-timetable\\backend\\models\\SpecialClass.js": {"path":"C:\\Users\\Satish\\Downloads\\smart-timetable\\backend\\models\\SpecialClass.js","statementMap":{"0":{"start":{"line":1,"column":17},"end":{"line":1,"column":36}},"1":{"start":{"line":3,"column":27},"end":{"line":86,"column":2}},"2":{"start":{"line":89,"column":0},"end":{"line":89,"column":52}},"3":{"start":{"line":90,"column":0},"end":{"line":90,"column":52}},"4":{"start":{"line":91,"column":0},"end":{"line":91,"column":52}},"5":{"start":{"line":92,"column":0},"end":{"line":92,"column":61}},"6":{"start":{"line":93,"column":0},"end":{"line":93,"column":40}},"7":{"start":{"line":96,"column":0},"end":{"line":108,"column":3}},"8":{"start":{"line":97,"column":16},"end":{"line":97,"column":53}},"9":{"start":{"line":98,"column":14},"end":{"line":98,"column":49}},"10":{"start":{"line":100,"column":23},"end":{"line":100,"column":47}},"11":{"start":{"line":101,"column":21},"end":{"line":101,"column":41}},"12":{"start":{"line":103,"column":2},"end":{"line":105,"column":3}},"13":{"start":{"line":104,"column":4},"end":{"line":104,"column":57}},"14":{"start":{"line":107,"column":2},"end":{"line":107,"column":9}},"15":{"start":{"line":111,"column":0},"end":{"line":119,"column":3}},"16":{"start":{"line":112,"column":16},"end":{"line":112,"column":53}},"17":{"start":{"line":113,"column":14},"end":{"line":113,"column":49}},"18":{"start":{"line":115,"column":23},"end":{"line":115,"column":47}},"19":{"start":{"line":116,"column":21},"end":{"line":116,"column":41}},"20":{"start":{"line":118,"column":2},"end":{"line":118,"column":35}},"21":{"start":{"line":122,"column":0},"end":{"line":124,"column":3}},"22":{"start":{"line":123,"column":2},"end":{"line":123,"column":80}},"23":{"start":{"line":127,"column":0},"end":{"line":130,"column":3}},"24":{"start":{"line":128,"column":2},"end":{"line":128,"column":37}},"25":{"start":{"line":128,"column":25},"end":{"line":128,"column":37}},"26":{"start":{"line":129,"column":2},"end":{"line":129,"column":72}},"27":{"start":{"line":133,"column":0},"end":{"line":144,"column":2}},"28":{"start":{"line":134,"column":2},"end":{"line":136,"column":3}},"29":{"start":{"line":135,"column":4},"end":{"line":135,"column":37}},"30":{"start":{"line":138,"column":2},"end":{"line":140,"column":3}},"31":{"start":{"line":139,"column":4},"end":{"line":139,"column":50}},"32":{"start":{"line":142,"column":2},"end":{"line":142,"column":42}},"33":{"start":{"line":143,"column":2},"end":{"line":143,"column":21}},"34":{"start":{"line":147,"column":0},"end":{"line":152,"column":2}},"35":{"start":{"line":148,"column":2},"end":{"line":150,"column":4}},"36":{"start":{"line":149,"column":10},"end":{"line":149,"column":31}},"37":{"start":{"line":151,"column":2},"end":{"line":151,"column":21}},"38":{"start":{"line":155,"column":0},"end":{"line":157,"column":2}},"39":{"start":{"line":156,"column":2},"end":{"line":156,"column":47}},"40":{"start":{"line":160,"column":0},"end":{"line":170,"column":2}},"41":{"start":{"line":161,"column":16},"end":{"line":161,"column":54}},"42":{"start":{"line":162,"column":2},"end":{"line":169,"column":16}},"43":{"start":{"line":172,"column":0},"end":{"line":172,"column":68}}},"fnMap":{"0":{"name":"(anonymous_0)","decl":{"start":{"line":96,"column":31},"end":{"line":96,"column":32}},"loc":{"start":{"line":96,"column":46},"end":{"line":108,"column":1}},"line":96},"1":{"name":"(anonymous_1)","decl":{"start":{"line":111,"column":50},"end":{"line":111,"column":51}},"loc":{"start":{"line":111,"column":61},"end":{"line":119,"column":1}},"line":111},"2":{"name":"(anonymous_2)","decl":{"start":{"line":122,"column":41},"end":{"line":122,"column":42}},"loc":{"start":{"line":122,"column":52},"end":{"line":124,"column":1}},"line":122},"3":{"name":"(anonymous_3)","decl":{"start":{"line":127,"column":49},"end":{"line":127,"column":50}},"loc":{"start":{"line":127,"column":60},"end":{"line":130,"column":1}},"line":127},"4":{"name":"(anonymous_4)","decl":{"start":{"line":133,"column":45},"end":{"line":133,"column":46}},"loc":{"start":{"line":133,"column":65},"end":{"line":144,"column":1}},"line":133},"5":{"name":"(anonymous_5)","decl":{"start":{"line":147,"column":47},"end":{"line":147,"column":48}},"loc":{"start":{"line":147,"column":67},"end":{"line":152,"column":1}},"line":147},"6":{"name":"(anonymous_6)","decl":{"start":{"line":149,"column":4},"end":{"line":149,"column":5}},"loc":{"start":{"line":149,"column":10},"end":{"line":149,"column":31}},"line":149},"7":{"name":"(anonymous_7)","decl":{"start":{"line":155,"column":42},"end":{"line":155,"column":43}},"loc":{"start":{"line":155,"column":53},"end":{"line":157,"column":1}},"line":155},"8":{"name":"(anonymous_8)","decl":{"start":{"line":160,"column":42},"end":{"line":160,"column":43}},"loc":{"start":{"line":160,"column":63},"end":{"line":170,"column":1}},"line":160}},"branchMap":{"0":{"loc":{"start":{"line":103,"column":2},"end":{"line":105,"column":3}},"type":"if","locations":[{"start":{"line":103,"column":2},"end":{"line":105,"column":3}},{"start":{},"end":{}}],"line":103},"1":{"loc":{"start":{"line":123,"column":9},"end":{"line":123,"column":79}},"type":"binary-expr","locations":[{"start":{"line":123,"column":9},"end":{"line":123,"column":25}},{"start":{"line":123,"column":29},"end":{"line":123,"column":79}}],"line":123},"2":{"loc":{"start":{"line":128,"column":2},"end":{"line":128,"column":37}},"type":"if","locations":[{"start":{"line":128,"column":2},"end":{"line":128,"column":37}},{"start":{},"end":{}}],"line":128},"3":{"loc":{"start":{"line":134,"column":2},"end":{"line":136,"column":3}},"type":"if","locations":[{"start":{"line":134,"column":2},"end":{"line":136,"column":3}},{"start":{},"end":{}}],"line":134},"4":{"loc":{"start":{"line":138,"column":2},"end":{"line":140,"column":3}},"type":"if","locations":[{"start":{"line":138,"column":2},"end":{"line":140,"column":3}},{"start":{},"end":{}}],"line":138},"5":{"loc":{"start":{"line":160,"column":51},"end":{"line":160,"column":61}},"type":"default-arg","locations":[{"start":{"line":160,"column":59},"end":{"line":160,"column":61}}],"line":160}},"s":{"0":1,"1":1,"2":1,"3":1,"4":1,"5":1,"6":1,"7":1,"8":0,"9":0,"10":0,"11":0,"12":0,"13":0,"14":0,"15":1,"16":0,"17":0,"18":0,"19":0,"20":0,"21":1,"22":0,"23":1,"24":0,"25":0,"26":0,"27":1,"28":0,"29":0,"30":0,"31":0,"32":0,"33":0,"34":1,"35":0,"36":0,"37":0,"38":1,"39":0,"40":1,"41":0,"42":0,"43":1},"f":{"0":0,"1":0,"2":0,"3":0,"4":0,"5":0,"6":0,"7":0,"8":0},"b":{"0":[0,0],"1":[0,0],"2":[0,0],"3":[0,0],"4":[0,0],"5":[0]},"_coverageSchema":"1a1c01bbd47fc00a2c39e90264f33305004495a9","hash":"13ffb1fdb92b26d83a736bfce2befa7517ea6039"}
,"C:\\Users\\Satish\\Downloads\\smart-timetable\\backend\\models\\Subject.js": {"path":"C:\\Users\\Satish\\Downloads\\smart-timetable\\backend\\models\\Subject.js","statementMap":{"0":{"start":{"line":1,"column":17},"end":{"line":1,"column":36}},"1":{"start":{"line":3,"column":22},"end":{"line":35,"column":2}},"2":{"start":{"line":37,"column":0},"end":{"line":37,"column":58}}},"fnMap":{},"branchMap":{},"s":{"0":1,"1":1,"2":1},"f":{},"b":{},"_coverageSchema":"1a1c01bbd47fc00a2c39e90264f33305004495a9","hash":"6b9d344807dd5a27426e86170a129c52f8fd151e"}
,"C:\\Users\\Satish\\Downloads\\smart-timetable\\backend\\models\\Substitution.js": {"path":"C:\\Users\\Satish\\Downloads\\smart-timetable\\backend\\models\\Substitution.js","statementMap":{"0":{"start":{"line":1,"column":17},"end":{"line":1,"column":36}},"1":{"start":{"line":3,"column":27},"end":{"line":43,"column":2}},"2":{"start":{"line":46,"column":0},"end":{"line":46,"column":60}},"3":{"start":{"line":47,"column":0},"end":{"line":47,"column":62}},"4":{"start":{"line":48,"column":0},"end":{"line":48,"column":40}},"5":{"start":{"line":50,"column":0},"end":{"line":50,"column":68}}},"fnMap":{},"branchMap":{},"s":{"0":1,"1":1,"2":1,"3":1,"4":1,"5":1},"f":{},"b":{},"_coverageSchema":"1a1c01bbd47fc00a2c39e90264f33305004495a9","hash":"f70efe115d292a1c1d66220ce5ca8cc057c3d8a4"}
,"C:\\Users\\Satish\\Downloads\\smart-timetable\\backend\\models\\Timetable.js": {"path":"C:\\Users\\Satish\\Downloads\\smart-timetable\\backend\\models\\Timetable.js","statementMap":{"0":{"start":{"line":1,"column":17},"end":{"line":1,"column":36}},"1":{"start":{"line":3,"column":23},"end":{"line":29,"column":2}},"2":{"start":{"line":31,"column":24},"end":{"line":48,"column":2}},"3":{"start":{"line":51,"column":0},"end":{"line":51,"column":46}},"4":{"start":{"line":52,"column":0},"end":{"line":52,"column":52}},"5":{"start":{"line":53,"column":0},"end":{"line":53,"column":52}},"6":{"start":{"line":55,"column":0},"end":{"line":55,"column":62}}},"fnMap":{},"branchMap":{},"s":{"0":1,"1":1,"2":1,"3":1,"4":1,"5":1,"6":1},"f":{},"b":{},"_coverageSchema":"1a1c01bbd47fc00a2c39e90264f33305004495a9","hash":"668e3f2729b37bba889e142a137a66622a00c052"}
,"C:\\Users\\Satish\\Downloads\\smart-timetable\\backend\\models\\User.js": {"path":"C:\\Users\\Satish\\Downloads\\smart-timetable\\backend\\models\\User.js","statementMap":{"0":{"start":{"line":1,"column":17},"end":{"line":1,"column":36}},"1":{"start":{"line":2,"column":15},"end":{"line":2,"column":34}},"2":{"start":{"line":4,"column":19},"end":{"line":58,"column":2}},"3":{"start":{"line":36,"column":6},"end":{"line":36,"column":62}},"4":{"start":{"line":61,"column":0},"end":{"line":73,"column":3}},"5":{"start":{"line":62,"column":2},"end":{"line":64,"column":3}},"6":{"start":{"line":63,"column":4},"end":{"line":63,"column":18}},"7":{"start":{"line":66,"column":2},"end":{"line":72,"column":3}},"8":{"start":{"line":67,"column":17},"end":{"line":67,"column":41}},"9":{"start":{"line":68,"column":4},"end":{"line":68,"column":67}},"10":{"start":{"line":69,"column":4},"end":{"line":69,"column":11}},"11":{"start":{"line":71,"column":4},"end":{"line":71,"column":16}},"12":{"start":{"line":76,"column":0},"end":{"line":78,"column":2}},"13":{"start":{"line":77,"column":2},"end":{"line":77,"column":66}},"14":{"start":{"line":80,"column":0},"end":{"line":80,"column":52}}},"fnMap":{"0":{"name":"(anonymous_0)","decl":{"start":{"line":35,"column":14},"end":{"line":35,"column":15}},"loc":{"start":{"line":35,"column":25},"end":{"line":37,"column":5}},"line":35},"1":{"name":"(anonymous_1)","decl":{"start":{"line":61,"column":23},"end":{"line":61,"column":24}},"loc":{"start":{"line":61,"column":44},"end":{"line":73,"column":1}},"line":61},"2":{"name":"(anonymous_2)","decl":{"start":{"line":76,"column":35},"end":{"line":76,"column":36}},"loc":{"start":{"line":76,"column":67},"end":{"line":78,"column":1}},"line":76}},"branchMap":{"0":{"loc":{"start":{"line":36,"column":13},"end":{"line":36,"column":61}},"type":"binary-expr","locations":[{"start":{"line":36,"column":13},"end":{"line":36,"column":36}},{"start":{"line":36,"column":40},"end":{"line":36,"column":61}}],"line":36},"1":{"loc":{"start":{"line":62,"column":2},"end":{"line":64,"column":3}},"type":"if","locations":[{"start":{"line":62,"column":2},"end":{"line":64,"column":3}},{"start":{},"end":{}}],"line":62}},"s":{"0":1,"1":1,"2":1,"3":0,"4":1,"5":0,"6":0,"7":0,"8":0,"9":0,"10":0,"11":0,"12":1,"13":0,"14":1},"f":{"0":0,"1":0,"2":0},"b":{"0":[0,0],"1":[0,0]},"_coverageSchema":"1a1c01bbd47fc00a2c39e90264f33305004495a9","hash":"1f9779d4030cee47f75e58867c628d2c99a4e51f"}
,"C:\\Users\\Satish\\Downloads\\smart-timetable\\backend\\routes\\auth.js": {"path":"C:\\Users\\Satish\\Downloads\\smart-timetable\\backend\\routes\\auth.js","statementMap":{"0":{"start":{"line":1,"column":16},"end":{"line":1,"column":34}},"1":{"start":{"line":2,"column":35},"end":{"line":2,"column":63}},"2":{"start":{"line":3,"column":13},"end":{"line":3,"column":38}},"3":{"start":{"line":4,"column":39},"end":{"line":4,"column":68}},"4":{"start":{"line":6,"column":15},"end":{"line":6,"column":31}},"5":{"start":{"line":11,"column":0},"end":{"line":58,"column":3}},"6":{"start":{"line":18,"column":2},"end":{"line":57,"column":3}},"7":{"start":{"line":20,"column":19},"end":{"line":20,"column":40}},"8":{"start":{"line":21,"column":4},"end":{"line":27,"column":5}},"9":{"start":{"line":22,"column":6},"end":{"line":26,"column":9}},"10":{"start":{"line":29,"column":70},"end":{"line":29,"column":78}},"11":{"start":{"line":32,"column":23},"end":{"line":32,"column":52}},"12":{"start":{"line":33,"column":4},"end":{"line":38,"column":5}},"13":{"start":{"line":34,"column":6},"end":{"line":37,"column":9}},"14":{"start":{"line":41,"column":17},"end":{"line":48,"column":6}},"15":{"start":{"line":50,"column":4},"end":{"line":50,"column":38}},"16":{"start":{"line":52,"column":4},"end":{"line":52,"column":48}},"17":{"start":{"line":53,"column":4},"end":{"line":56,"column":7}},"18":{"start":{"line":63,"column":0},"end":{"line":114,"column":3}},"19":{"start":{"line":67,"column":2},"end":{"line":113,"column":3}},"20":{"start":{"line":69,"column":19},"end":{"line":69,"column":40}},"21":{"start":{"line":70,"column":4},"end":{"line":76,"column":5}},"22":{"start":{"line":71,"column":6},"end":{"line":75,"column":9}},"23":{"start":{"line":78,"column":32},"end":{"line":78,"column":40}},"24":{"start":{"line":81,"column":17},"end":{"line":81,"column":70}},"25":{"start":{"line":82,"column":4},"end":{"line":87,"column":5}},"26":{"start":{"line":83,"column":6},"end":{"line":86,"column":9}},"27":{"start":{"line":90,"column":4},"end":{"line":95,"column":5}},"28":{"start":{"line":91,"column":6},"end":{"line":94,"column":9}},"29":{"start":{"line":98,"column":20},"end":{"line":98,"column":54}},"30":{"start":{"line":99,"column":4},"end":{"line":104,"column":5}},"31":{"start":{"line":100,"column":6},"end":{"line":103,"column":9}},"32":{"start":{"line":106,"column":4},"end":{"line":106,"column":38}},"33":{"start":{"line":108,"column":4},"end":{"line":108,"column":41}},"34":{"start":{"line":109,"column":4},"end":{"line":112,"column":7}},"35":{"start":{"line":119,"column":0},"end":{"line":143,"column":3}},"36":{"start":{"line":120,"column":2},"end":{"line":142,"column":3}},"37":{"start":{"line":121,"column":17},"end":{"line":121,"column":49}},"38":{"start":{"line":123,"column":4},"end":{"line":135,"column":7}},"39":{"start":{"line":137,"column":4},"end":{"line":137,"column":42}},"40":{"start":{"line":138,"column":4},"end":{"line":141,"column":7}},"41":{"start":{"line":148,"column":0},"end":{"line":210,"column":3}},"42":{"start":{"line":153,"column":2},"end":{"line":209,"column":3}},"43":{"start":{"line":155,"column":19},"end":{"line":155,"column":40}},"44":{"start":{"line":156,"column":4},"end":{"line":162,"column":5}},"45":{"start":{"line":157,"column":6},"end":{"line":161,"column":9}},"46":{"start":{"line":164,"column":27},"end":{"line":164,"column":29}},"47":{"start":{"line":165,"column":54},"end":{"line":165,"column":62}},"48":{"start":{"line":167,"column":4},"end":{"line":167,"column":41}},"49":{"start":{"line":167,"column":14},"end":{"line":167,"column":41}},"50":{"start":{"line":168,"column":4},"end":{"line":178,"column":5}},"51":{"start":{"line":170,"column":26},"end":{"line":170,"column":82}},"52":{"start":{"line":171,"column":6},"end":{"line":176,"column":7}},"53":{"start":{"line":172,"column":8},"end":{"line":175,"column":11}},"54":{"start":{"line":177,"column":6},"end":{"line":177,"column":35}},"55":{"start":{"line":179,"column":4},"end":{"line":179,"column":59}},"56":{"start":{"line":179,"column":20},"end":{"line":179,"column":59}},"57":{"start":{"line":180,"column":4},"end":{"line":180,"column":65}},"58":{"start":{"line":180,"column":22},"end":{"line":180,"column":65}},"59":{"start":{"line":182,"column":17},"end":{"line":189,"column":5}},"60":{"start":{"line":191,"column":4},"end":{"line":202,"column":7}},"61":{"start":{"line":204,"column":4},"end":{"line":204,"column":50}},"62":{"start":{"line":205,"column":4},"end":{"line":208,"column":7}},"63":{"start":{"line":215,"column":0},"end":{"line":256,"column":3}},"64":{"start":{"line":219,"column":2},"end":{"line":255,"column":3}},"65":{"start":{"line":221,"column":19},"end":{"line":221,"column":40}},"66":{"start":{"line":222,"column":4},"end":{"line":228,"column":5}},"67":{"start":{"line":223,"column":6},"end":{"line":227,"column":9}},"68":{"start":{"line":230,"column":45},"end":{"line":230,"column":53}},"69":{"start":{"line":233,"column":17},"end":{"line":233,"column":73}},"70":{"start":{"line":236,"column":20},"end":{"line":236,"column":61}},"71":{"start":{"line":237,"column":4},"end":{"line":242,"column":5}},"72":{"start":{"line":238,"column":6},"end":{"line":241,"column":9}},"73":{"start":{"line":245,"column":4},"end":{"line":245,"column":36}},"74":{"start":{"line":246,"column":4},"end":{"line":246,"column":22}},"75":{"start":{"line":248,"column":4},"end":{"line":248,"column":38}},"76":{"start":{"line":250,"column":4},"end":{"line":250,"column":51}},"77":{"start":{"line":251,"column":4},"end":{"line":254,"column":7}},"78":{"start":{"line":261,"column":0},"end":{"line":271,"column":3}},"79":{"start":{"line":262,"column":2},"end":{"line":265,"column":5}},"80":{"start":{"line":267,"column":2},"end":{"line":270,"column":5}},"81":{"start":{"line":273,"column":0},"end":{"line":273,"column":24}}},"fnMap":{"0":{"name":"(anonymous_0)","decl":{"start":{"line":17,"column":3},"end":{"line":17,"column":4}},"loc":{"start":{"line":17,"column":23},"end":{"line":58,"column":1}},"line":17},"1":{"name":"(anonymous_1)","decl":{"start":{"line":66,"column":3},"end":{"line":66,"column":4}},"loc":{"start":{"line":66,"column":23},"end":{"line":114,"column":1}},"line":66},"2":{"name":"(anonymous_2)","decl":{"start":{"line":119,"column":27},"end":{"line":119,"column":28}},"loc":{"start":{"line":119,"column":47},"end":{"line":143,"column":1}},"line":119},"3":{"name":"(anonymous_3)","decl":{"start":{"line":152,"column":3},"end":{"line":152,"column":4}},"loc":{"start":{"line":152,"column":23},"end":{"line":210,"column":1}},"line":152},"4":{"name":"(anonymous_4)","decl":{"start":{"line":218,"column":3},"end":{"line":218,"column":4}},"loc":{"start":{"line":218,"column":23},"end":{"line":256,"column":1}},"line":218},"5":{"name":"(anonymous_5)","decl":{"start":{"line":261,"column":32},"end":{"line":261,"column":33}},"loc":{"start":{"line":261,"column":46},"end":{"line":271,"column":1}},"line":261}},"branchMap":{"0":{"loc":{"start":{"line":21,"column":4},"end":{"line":27,"column":5}},"type":"if","locations":[{"start":{"line":21,"column":4},"end":{"line":27,"column":5}},{"start":{},"end":{}}],"line":21},"1":{"loc":{"start":{"line":33,"column":4},"end":{"line":38,"column":5}},"type":"if","locations":[{"start":{"line":33,"column":4},"end":{"line":38,"column":5}},{"start":{},"end":{}}],"line":33},"2":{"loc":{"start":{"line":47,"column":20},"end":{"line":47,"column":38}},"type":"binary-expr","locations":[{"start":{"line":47,"column":20},"end":{"line":47,"column":32}},{"start":{"line":47,"column":36},"end":{"line":47,"column":38}}],"line":47},"3":{"loc":{"start":{"line":70,"column":4},"end":{"line":76,"column":5}},"type":"if","locations":[{"start":{"line":70,"column":4},"end":{"line":76,"column":5}},{"start":{},"end":{}}],"line":70},"4":{"loc":{"start":{"line":82,"column":4},"end":{"line":87,"column":5}},"type":"if","locations":[{"start":{"line":82,"column":4},"end":{"line":87,"column":5}},{"start":{},"end":{}}],"line":82},"5":{"loc":{"start":{"line":90,"column":4},"end":{"line":95,"column":5}},"type":"if","locations":[{"start":{"line":90,"column":4},"end":{"line":95,"column":5}},{"start":{},"end":{}}],"line":90},"6":{"loc":{"start":{"line":99,"column":4},"end":{"line":104,"column":5}},"type":"if","locations":[{"start":{"line":99,"column":4},"end":{"line":104,"column":5}},{"start":{},"end":{}}],"line":99},"7":{"loc":{"start":{"line":156,"column":4},"end":{"line":162,"column":5}},"type":"if","locations":[{"start":{"line":156,"column":4},"end":{"line":162,"column":5}},{"start":{},"end":{}}],"line":156},"8":{"loc":{"start":{"line":167,"column":4},"end":{"line":167,"column":41}},"type":"if","locations":[{"start":{"line":167,"column":4},"end":{"line":167,"column":41}},{"start":{},"end":{}}],"line":167},"9":{"loc":{"start":{"line":168,"column":4},"end":{"line":178,"column":5}},"type":"if","locations":[{"start":{"line":168,"column":4},"end":{"line":178,"column":5}},{"start":{},"end":{}}],"line":168},"10":{"loc":{"start":{"line":171,"column":6},"end":{"line":176,"column":7}},"type":"if","locations":[{"start":{"line":171,"column":6},"end":{"line":176,"column":7}},{"start":{},"end":{}}],"line":171},"11":{"loc":{"start":{"line":179,"column":4},"end":{"line":179,"column":59}},"type":"if","locations":[{"start":{"line":179,"column":4},"end":{"line":179,"column":59}},{"start":{},"end":{}}],"line":179},"12":{"loc":{"start":{"line":180,"column":4},"end":{"line":180,"column":65}},"type":"if","locations":[{"start":{"line":180,"column":4},"end":{"line":180,"column":65}},{"start":{},"end":{}}],"line":180},"13":{"loc":{"start":{"line":222,"column":4},"end":{"line":228,"column":5}},"type":"if","locations":[{"start":{"line":222,"column":4},"end":{"line":228,"column":5}},{"start":{},"end":{}}],"line":222},"14":{"loc":{"start":{"line":237,"column":4},"end":{"line":242,"column":5}},"type":"if","locations":[{"start":{"line":237,"column":4},"end":{"line":242,"column":5}},{"start":{},"end":{}}],"line":237}},"s":{"0":1,"1":1,"2":1,"3":1,"4":1,"5":1,"6":0,"7":0,"8":0,"9":0,"10":0,"11":0,"12":0,"13":0,"14":0,"15":0,"16":0,"17":0,"18":1,"19":0,"20":0,"21":0,"22":0,"23":0,"24":0,"25":0,"26":0,"27":0,"28":0,"29":0,"30":0,"31":0,"32":0,"33":0,"34":0,"35":1,"36":0,"37":0,"38":0,"39":0,"40":0,"41":1,"42":0,"43":0,"44":0,"45":0,"46":0,"47":0,"48":0,"49":0,"50":0,"51":0,"52":0,"53":0,"54":0,"55":0,"56":0,"57":0,"58":0,"59":0,"60":0,"61":0,"62":0,"63":1,"64":0,"65":0,"66":0,"67":0,"68":0,"69":0,"70":0,"71":0,"72":0,"73":0,"74":0,"75":0,"76":0,"77":0,"78":1,"79":0,"80":0,"81":1},"f":{"0":0,"1":0,"2":0,"3":0,"4":0,"5":0},"b":{"0":[0,0],"1":[0,0],"2":[0,0],"3":[0,0],"4":[0,0],"5":[0,0],"6":[0,0],"7":[0,0],"8":[0,0],"9":[0,0],"10":[0,0],"11":[0,0],"12":[0,0],"13":[0,0],"14":[0,0]},"_coverageSchema":"1a1c01bbd47fc00a2c39e90264f33305004495a9","hash":"7af9cfe671bef80550edafe25af0bc0ceff07b7f"}
,"C:\\Users\\Satish\\Downloads\\smart-timetable\\backend\\routes\\classes.js": {"path":"C:\\Users\\Satish\\Downloads\\smart-timetable\\backend\\routes\\classes.js","statementMap":{"0":{"start":{"line":1,"column":16},"end":{"line":1,"column":34}},"1":{"start":{"line":2,"column":15},"end":{"line":2,"column":31}},"2":{"start":{"line":3,"column":14},"end":{"line":3,"column":40}},"3":{"start":{"line":4,"column":20},"end":{"line":4,"column":49}},"4":{"start":{"line":9,"column":0},"end":{"line":42,"column":3}},"5":{"start":{"line":10,"column":2},"end":{"line":41,"column":3}},"6":{"start":{"line":11,"column":70},"end":{"line":11,"column":79}},"7":{"start":{"line":14,"column":18},"end":{"line":14,"column":20}},"8":{"start":{"line":15,"column":4},"end":{"line":15,"column":50}},"9":{"start":{"line":15,"column":20},"end":{"line":15,"column":50}},"10":{"start":{"line":16,"column":4},"end":{"line":16,"column":54}},"11":{"start":{"line":16,"column":18},"end":{"line":16,"column":54}},"12":{"start":{"line":17,"column":4},"end":{"line":17,"column":47}},"13":{"start":{"line":17,"column":19},"end":{"line":17,"column":47}},"14":{"start":{"line":19,"column":20},"end":{"line":24,"column":31}},"15":{"start":{"line":26,"column":18},"end":{"line":26,"column":51}},"16":{"start":{"line":28,"column":4},"end":{"line":33,"column":7}},"17":{"start":{"line":35,"column":4},"end":{"line":35,"column":47}},"18":{"start":{"line":36,"column":4},"end":{"line":40,"column":7}},"19":{"start":{"line":47,"column":0},"end":{"line":72,"column":3}},"20":{"start":{"line":48,"column":2},"end":{"line":71,"column":3}},"21":{"start":{"line":49,"column":22},"end":{"line":51,"column":29}},"22":{"start":{"line":53,"column":4},"end":{"line":58,"column":5}},"23":{"start":{"line":54,"column":6},"end":{"line":57,"column":9}},"24":{"start":{"line":60,"column":4},"end":{"line":63,"column":7}},"25":{"start":{"line":65,"column":4},"end":{"line":65,"column":45}},"26":{"start":{"line":66,"column":4},"end":{"line":70,"column":7}},"27":{"start":{"line":77,"column":0},"end":{"line":122,"column":3}},"28":{"start":{"line":78,"column":2},"end":{"line":121,"column":3}},"29":{"start":{"line":79,"column":4},"end":{"line":79,"column":48}},"30":{"start":{"line":80,"column":4},"end":{"line":80,"column":35}},"31":{"start":{"line":81,"column":4},"end":{"line":81,"column":43}},"32":{"start":{"line":84,"column":4},"end":{"line":90,"column":5}},"33":{"start":{"line":85,"column":6},"end":{"line":85,"column":63}},"34":{"start":{"line":86,"column":6},"end":{"line":89,"column":9}},"35":{"start":{"line":93,"column":24},"end":{"line":93,"column":39}},"36":{"start":{"line":94,"column":4},"end":{"line":96,"column":5}},"37":{"start":{"line":95,"column":6},"end":{"line":95,"column":35}},"38":{"start":{"line":98,"column":4},"end":{"line":98,"column":46}},"39":{"start":{"line":100,"column":22},"end":{"line":100,"column":53}},"40":{"start":{"line":101,"column":4},"end":{"line":101,"column":58}},"41":{"start":{"line":103,"column":27},"end":{"line":105,"column":29}},"42":{"start":{"line":107,"column":4},"end":{"line":107,"column":52}},"43":{"start":{"line":109,"column":4},"end":{"line":112,"column":7}},"44":{"start":{"line":114,"column":4},"end":{"line":114,"column":48}},"45":{"start":{"line":115,"column":4},"end":{"line":115,"column":47}},"46":{"start":{"line":116,"column":4},"end":{"line":120,"column":7}},"47":{"start":{"line":127,"column":0},"end":{"line":170,"column":3}},"48":{"start":{"line":128,"column":2},"end":{"line":169,"column":3}},"49":{"start":{"line":130,"column":4},"end":{"line":135,"column":5}},"50":{"start":{"line":131,"column":6},"end":{"line":134,"column":9}},"51":{"start":{"line":138,"column":24},"end":{"line":138,"column":39}},"52":{"start":{"line":139,"column":4},"end":{"line":141,"column":5}},"53":{"start":{"line":140,"column":6},"end":{"line":140,"column":35}},"54":{"start":{"line":143,"column":22},"end":{"line":149,"column":27}},"55":{"start":{"line":151,"column":4},"end":{"line":156,"column":5}},"56":{"start":{"line":152,"column":6},"end":{"line":155,"column":9}},"57":{"start":{"line":158,"column":4},"end":{"line":161,"column":7}},"58":{"start":{"line":163,"column":4},"end":{"line":163,"column":48}},"59":{"start":{"line":164,"column":4},"end":{"line":168,"column":7}},"60":{"start":{"line":175,"column":0},"end":{"line":206,"column":3}},"61":{"start":{"line":176,"column":2},"end":{"line":205,"column":3}},"62":{"start":{"line":178,"column":4},"end":{"line":183,"column":5}},"63":{"start":{"line":179,"column":6},"end":{"line":182,"column":9}},"64":{"start":{"line":185,"column":22},"end":{"line":185,"column":66}},"65":{"start":{"line":187,"column":4},"end":{"line":192,"column":5}},"66":{"start":{"line":188,"column":6},"end":{"line":191,"column":9}},"67":{"start":{"line":194,"column":4},"end":{"line":197,"column":7}},"68":{"start":{"line":199,"column":4},"end":{"line":199,"column":48}},"69":{"start":{"line":200,"column":4},"end":{"line":204,"column":7}},"70":{"start":{"line":208,"column":0},"end":{"line":208,"column":24}}},"fnMap":{"0":{"name":"(anonymous_0)","decl":{"start":{"line":9,"column":25},"end":{"line":9,"column":26}},"loc":{"start":{"line":9,"column":45},"end":{"line":42,"column":1}},"line":9},"1":{"name":"(anonymous_1)","decl":{"start":{"line":47,"column":28},"end":{"line":47,"column":29}},"loc":{"start":{"line":47,"column":48},"end":{"line":72,"column":1}},"line":47},"2":{"name":"(anonymous_2)","decl":{"start":{"line":77,"column":26},"end":{"line":77,"column":27}},"loc":{"start":{"line":77,"column":46},"end":{"line":122,"column":1}},"line":77},"3":{"name":"(anonymous_3)","decl":{"start":{"line":127,"column":28},"end":{"line":127,"column":29}},"loc":{"start":{"line":127,"column":48},"end":{"line":170,"column":1}},"line":127},"4":{"name":"(anonymous_4)","decl":{"start":{"line":175,"column":31},"end":{"line":175,"column":32}},"loc":{"start":{"line":175,"column":51},"end":{"line":206,"column":1}},"line":175}},"branchMap":{"0":{"loc":{"start":{"line":11,"column":45},"end":{"line":11,"column":53}},"type":"default-arg","locations":[{"start":{"line":11,"column":52},"end":{"line":11,"column":53}}],"line":11},"1":{"loc":{"start":{"line":11,"column":55},"end":{"line":11,"column":65}},"type":"default-arg","locations":[{"start":{"line":11,"column":63},"end":{"line":11,"column":65}}],"line":11},"2":{"loc":{"start":{"line":15,"column":4},"end":{"line":15,"column":50}},"type":"if","locations":[{"start":{"line":15,"column":4},"end":{"line":15,"column":50}},{"start":{},"end":{}}],"line":15},"3":{"loc":{"start":{"line":16,"column":4},"end":{"line":16,"column":54}},"type":"if","locations":[{"start":{"line":16,"column":4},"end":{"line":16,"column":54}},{"start":{},"end":{}}],"line":16},"4":{"loc":{"start":{"line":17,"column":4},"end":{"line":17,"column":47}},"type":"if","locations":[{"start":{"line":17,"column":4},"end":{"line":17,"column":47}},{"start":{},"end":{}}],"line":17},"5":{"loc":{"start":{"line":53,"column":4},"end":{"line":58,"column":5}},"type":"if","locations":[{"start":{"line":53,"column":4},"end":{"line":58,"column":5}},{"start":{},"end":{}}],"line":53},"6":{"loc":{"start":{"line":84,"column":4},"end":{"line":90,"column":5}},"type":"if","locations":[{"start":{"line":84,"column":4},"end":{"line":90,"column":5}},{"start":{},"end":{}}],"line":84},"7":{"loc":{"start":{"line":94,"column":4},"end":{"line":96,"column":5}},"type":"if","locations":[{"start":{"line":94,"column":4},"end":{"line":96,"column":5}},{"start":{},"end":{}}],"line":94},"8":{"loc":{"start":{"line":94,"column":8},"end":{"line":94,"column":135}},"type":"binary-expr","locations":[{"start":{"line":94,"column":8},"end":{"line":94,"column":30}},{"start":{"line":94,"column":34},"end":{"line":94,"column":62}},{"start":{"line":94,"column":66},"end":{"line":94,"column":96}},{"start":{"line":94,"column":100},"end":{"line":94,"column":135}}],"line":94},"9":{"loc":{"start":{"line":130,"column":4},"end":{"line":135,"column":5}},"type":"if","locations":[{"start":{"line":130,"column":4},"end":{"line":135,"column":5}},{"start":{},"end":{}}],"line":130},"10":{"loc":{"start":{"line":139,"column":4},"end":{"line":141,"column":5}},"type":"if","locations":[{"start":{"line":139,"column":4},"end":{"line":141,"column":5}},{"start":{},"end":{}}],"line":139},"11":{"loc":{"start":{"line":139,"column":8},"end":{"line":139,"column":135}},"type":"binary-expr","locations":[{"start":{"line":139,"column":8},"end":{"line":139,"column":30}},{"start":{"line":139,"column":34},"end":{"line":139,"column":62}},{"start":{"line":139,"column":66},"end":{"line":139,"column":96}},{"start":{"line":139,"column":100},"end":{"line":139,"column":135}}],"line":139},"12":{"loc":{"start":{"line":151,"column":4},"end":{"line":156,"column":5}},"type":"if","locations":[{"start":{"line":151,"column":4},"end":{"line":156,"column":5}},{"start":{},"end":{}}],"line":151},"13":{"loc":{"start":{"line":178,"column":4},"end":{"line":183,"column":5}},"type":"if","locations":[{"start":{"line":178,"column":4},"end":{"line":183,"column":5}},{"start":{},"end":{}}],"line":178},"14":{"loc":{"start":{"line":187,"column":4},"end":{"line":192,"column":5}},"type":"if","locations":[{"start":{"line":187,"column":4},"end":{"line":192,"column":5}},{"start":{},"end":{}}],"line":187}},"s":{"0":1,"1":1,"2":1,"3":1,"4":1,"5":0,"6":0,"7":0,"8":0,"9":0,"10":0,"11":0,"12":0,"13":0,"14":0,"15":0,"16":0,"17":0,"18":0,"19":1,"20":0,"21":0,"22":0,"23":0,"24":0,"25":0,"26":0,"27":1,"28":0,"29":0,"30":0,"31":0,"32":0,"33":0,"34":0,"35":0,"36":0,"37":0,"38":0,"39":0,"40":0,"41":0,"42":0,"43":0,"44":0,"45":0,"46":0,"47":1,"48":0,"49":0,"50":0,"51":0,"52":0,"53":0,"54":0,"55":0,"56":0,"57":0,"58":0,"59":0,"60":1,"61":0,"62":0,"63":0,"64":0,"65":0,"66":0,"67":0,"68":0,"69":0,"70":1},"f":{"0":0,"1":0,"2":0,"3":0,"4":0},"b":{"0":[0],"1":[0],"2":[0,0],"3":[0,0],"4":[0,0],"5":[0,0],"6":[0,0],"7":[0,0],"8":[0,0,0,0],"9":[0,0],"10":[0,0],"11":[0,0,0,0],"12":[0,0],"13":[0,0],"14":[0,0]},"_coverageSchema":"1a1c01bbd47fc00a2c39e90264f33305004495a9","hash":"348a5935d3200732fa7ea8573f0aa5401430edc5"}
,"C:\\Users\\Satish\\Downloads\\smart-timetable\\backend\\routes\\notifications.js": {"path":"C:\\Users\\Satish\\Downloads\\smart-timetable\\backend\\routes\\notifications.js","statementMap":{"0":{"start":{"line":1,"column":16},"end":{"line":1,"column":34}},"1":{"start":{"line":2,"column":15},"end":{"line":2,"column":31}},"2":{"start":{"line":3,"column":21},"end":{"line":3,"column":54}},"3":{"start":{"line":4,"column":20},"end":{"line":4,"column":49}},"4":{"start":{"line":9,"column":0},"end":{"line":45,"column":3}},"5":{"start":{"line":10,"column":2},"end":{"line":44,"column":3}},"6":{"start":{"line":11,"column":57},"end":{"line":11,"column":66}},"7":{"start":{"line":13,"column":18},"end":{"line":13,"column":42}},"8":{"start":{"line":14,"column":4},"end":{"line":16,"column":5}},"9":{"start":{"line":15,"column":6},"end":{"line":15,"column":27}},"10":{"start":{"line":18,"column":26},"end":{"line":21,"column":31}},"11":{"start":{"line":23,"column":18},"end":{"line":23,"column":58}},"12":{"start":{"line":24,"column":24},"end":{"line":27,"column":6}},"13":{"start":{"line":29,"column":4},"end":{"line":36,"column":7}},"14":{"start":{"line":38,"column":4},"end":{"line":38,"column":53}},"15":{"start":{"line":39,"column":4},"end":{"line":43,"column":7}},"16":{"start":{"line":50,"column":0},"end":{"line":77,"column":3}},"17":{"start":{"line":51,"column":2},"end":{"line":76,"column":3}},"18":{"start":{"line":52,"column":25},"end":{"line":56,"column":5}},"19":{"start":{"line":58,"column":4},"end":{"line":63,"column":5}},"20":{"start":{"line":59,"column":6},"end":{"line":62,"column":9}},"21":{"start":{"line":65,"column":4},"end":{"line":68,"column":7}},"22":{"start":{"line":70,"column":4},"end":{"line":70,"column":58}},"23":{"start":{"line":71,"column":4},"end":{"line":75,"column":7}},"24":{"start":{"line":82,"column":0},"end":{"line":101,"column":3}},"25":{"start":{"line":83,"column":2},"end":{"line":100,"column":3}},"26":{"start":{"line":84,"column":4},"end":{"line":87,"column":6}},"27":{"start":{"line":89,"column":4},"end":{"line":92,"column":7}},"28":{"start":{"line":94,"column":4},"end":{"line":94,"column":63}},"29":{"start":{"line":95,"column":4},"end":{"line":99,"column":7}},"30":{"start":{"line":106,"column":0},"end":{"line":132,"column":3}},"31":{"start":{"line":107,"column":2},"end":{"line":131,"column":3}},"32":{"start":{"line":108,"column":25},"end":{"line":111,"column":6}},"33":{"start":{"line":113,"column":4},"end":{"line":118,"column":5}},"34":{"start":{"line":114,"column":6},"end":{"line":117,"column":9}},"35":{"start":{"line":120,"column":4},"end":{"line":123,"column":7}},"36":{"start":{"line":125,"column":4},"end":{"line":125,"column":55}},"37":{"start":{"line":126,"column":4},"end":{"line":130,"column":7}},"38":{"start":{"line":137,"column":0},"end":{"line":160,"column":3}},"39":{"start":{"line":138,"column":2},"end":{"line":159,"column":3}},"40":{"start":{"line":139,"column":4},"end":{"line":144,"column":5}},"41":{"start":{"line":140,"column":6},"end":{"line":143,"column":9}},"42":{"start":{"line":146,"column":25},"end":{"line":146,"column":60}},"43":{"start":{"line":148,"column":4},"end":{"line":151,"column":7}},"44":{"start":{"line":153,"column":4},"end":{"line":153,"column":55}},"45":{"start":{"line":154,"column":4},"end":{"line":158,"column":7}},"46":{"start":{"line":162,"column":0},"end":{"line":162,"column":24}}},"fnMap":{"0":{"name":"(anonymous_0)","decl":{"start":{"line":9,"column":25},"end":{"line":9,"column":26}},"loc":{"start":{"line":9,"column":45},"end":{"line":45,"column":1}},"line":9},"1":{"name":"(anonymous_1)","decl":{"start":{"line":50,"column":33},"end":{"line":50,"column":34}},"loc":{"start":{"line":50,"column":53},"end":{"line":77,"column":1}},"line":50},"2":{"name":"(anonymous_2)","decl":{"start":{"line":82,"column":33},"end":{"line":82,"column":34}},"loc":{"start":{"line":82,"column":53},"end":{"line":101,"column":1}},"line":82},"3":{"name":"(anonymous_3)","decl":{"start":{"line":106,"column":31},"end":{"line":106,"column":32}},"loc":{"start":{"line":106,"column":51},"end":{"line":132,"column":1}},"line":106},"4":{"name":"(anonymous_4)","decl":{"start":{"line":137,"column":26},"end":{"line":137,"column":27}},"loc":{"start":{"line":137,"column":46},"end":{"line":160,"column":1}},"line":137}},"branchMap":{"0":{"loc":{"start":{"line":11,"column":12},"end":{"line":11,"column":20}},"type":"default-arg","locations":[{"start":{"line":11,"column":19},"end":{"line":11,"column":20}}],"line":11},"1":{"loc":{"start":{"line":11,"column":22},"end":{"line":11,"column":32}},"type":"default-arg","locations":[{"start":{"line":11,"column":30},"end":{"line":11,"column":32}}],"line":11},"2":{"loc":{"start":{"line":11,"column":34},"end":{"line":11,"column":52}},"type":"default-arg","locations":[{"start":{"line":11,"column":47},"end":{"line":11,"column":52}}],"line":11},"3":{"loc":{"start":{"line":14,"column":4},"end":{"line":16,"column":5}},"type":"if","locations":[{"start":{"line":14,"column":4},"end":{"line":16,"column":5}},{"start":{},"end":{}}],"line":14},"4":{"loc":{"start":{"line":58,"column":4},"end":{"line":63,"column":5}},"type":"if","locations":[{"start":{"line":58,"column":4},"end":{"line":63,"column":5}},{"start":{},"end":{}}],"line":58},"5":{"loc":{"start":{"line":113,"column":4},"end":{"line":118,"column":5}},"type":"if","locations":[{"start":{"line":113,"column":4},"end":{"line":118,"column":5}},{"start":{},"end":{}}],"line":113},"6":{"loc":{"start":{"line":139,"column":4},"end":{"line":144,"column":5}},"type":"if","locations":[{"start":{"line":139,"column":4},"end":{"line":144,"column":5}},{"start":{},"end":{}}],"line":139},"7":{"loc":{"start":{"line":139,"column":8},"end":{"line":139,"column":64}},"type":"binary-expr","locations":[{"start":{"line":139,"column":8},"end":{"line":139,"column":33}},{"start":{"line":139,"column":37},"end":{"line":139,"column":64}}],"line":139}},"s":{"0":1,"1":1,"2":1,"3":1,"4":1,"5":0,"6":0,"7":0,"8":0,"9":0,"10":0,"11":0,"12":0,"13":0,"14":0,"15":0,"16":1,"17":0,"18":0,"19":0,"20":0,"21":0,"22":0,"23":0,"24":1,"25":0,"26":0,"27":0,"28":0,"29":0,"30":1,"31":0,"32":0,"33":0,"34":0,"35":0,"36":0,"37":0,"38":1,"39":0,"40":0,"41":0,"42":0,"43":0,"44":0,"45":0,"46":1},"f":{"0":0,"1":0,"2":0,"3":0,"4":0},"b":{"0":[0],"1":[0],"2":[0],"3":[0,0],"4":[0,0],"5":[0,0],"6":[0,0],"7":[0,0]},"_coverageSchema":"1a1c01bbd47fc00a2c39e90264f33305004495a9","hash":"cf9ada90fbeed008bd819da99397e97736e80a37"}
,"C:\\Users\\Satish\\Downloads\\smart-timetable\\backend\\routes\\schedules.js": {"path":"C:\\Users\\Satish\\Downloads\\smart-timetable\\backend\\routes\\schedules.js","statementMap":{"0":{"start":{"line":1,"column":16},"end":{"line":1,"column":34}},"1":{"start":{"line":2,"column":35},"end":{"line":2,"column":63}},"2":{"start":{"line":3,"column":17},"end":{"line":3,"column":46}},"3":{"start":{"line":4,"column":13},"end":{"line":4,"column":38}},"4":{"start":{"line":5,"column":20},"end":{"line":5,"column":49}},"5":{"start":{"line":6,"column":15},"end":{"line":6,"column":31}},"6":{"start":{"line":7,"column":21},"end":{"line":7,"column":54}},"7":{"start":{"line":8,"column":16},"end":{"line":8,"column":44}},"8":{"start":{"line":9,"column":14},"end":{"line":9,"column":40}},"9":{"start":{"line":10,"column":18},"end":{"line":10,"column":48}},"10":{"start":{"line":15,"column":0},"end":{"line":100,"column":3}},"11":{"start":{"line":16,"column":2},"end":{"line":99,"column":3}},"12":{"start":{"line":27,"column":8},"end":{"line":27,"column":17}},"13":{"start":{"line":30,"column":19},"end":{"line":30,"column":21}},"14":{"start":{"line":32,"column":4},"end":{"line":32,"column":43}},"15":{"start":{"line":32,"column":14},"end":{"line":32,"column":43}},"16":{"start":{"line":33,"column":4},"end":{"line":33,"column":75}},"17":{"start":{"line":33,"column":19},"end":{"line":33,"column":75}},"18":{"start":{"line":34,"column":4},"end":{"line":34,"column":48}},"19":{"start":{"line":34,"column":19},"end":{"line":34,"column":48}},"20":{"start":{"line":35,"column":4},"end":{"line":35,"column":59}},"21":{"start":{"line":35,"column":36},"end":{"line":35,"column":59}},"22":{"start":{"line":36,"column":4},"end":{"line":36,"column":51}},"23":{"start":{"line":36,"column":20},"end":{"line":36,"column":51}},"24":{"start":{"line":38,"column":4},"end":{"line":43,"column":5}},"25":{"start":{"line":39,"column":6},"end":{"line":42,"column":8}},"26":{"start":{"line":46,"column":4},"end":{"line":57,"column":5}},"27":{"start":{"line":47,"column":6},"end":{"line":47,"column":37}},"28":{"start":{"line":48,"column":11},"end":{"line":57,"column":5}},"29":{"start":{"line":51,"column":32},"end":{"line":51,"column":51}},"30":{"start":{"line":52,"column":22},"end":{"line":52,"column":73}},"31":{"start":{"line":53,"column":6},"end":{"line":56,"column":7}},"32":{"start":{"line":54,"column":25},"end":{"line":54,"column":52}},"33":{"start":{"line":54,"column":44},"end":{"line":54,"column":51}},"34":{"start":{"line":55,"column":8},"end":{"line":55,"column":43}},"35":{"start":{"line":59,"column":17},"end":{"line":59,"column":55}},"36":{"start":{"line":61,"column":4},"end":{"line":92,"column":5}},"37":{"start":{"line":62,"column":24},"end":{"line":67,"column":31}},"38":{"start":{"line":69,"column":20},"end":{"line":69,"column":57}},"39":{"start":{"line":71,"column":6},"end":{"line":79,"column":9}},"40":{"start":{"line":82,"column":6},"end":{"line":82,"column":68}},"41":{"start":{"line":83,"column":6},"end":{"line":91,"column":9}},"42":{"start":{"line":94,"column":4},"end":{"line":94,"column":25}},"43":{"start":{"line":95,"column":4},"end":{"line":98,"column":7}},"44":{"start":{"line":105,"column":0},"end":{"line":168,"column":3}},"45":{"start":{"line":106,"column":2},"end":{"line":167,"column":3}},"46":{"start":{"line":115,"column":8},"end":{"line":127,"column":6}},"47":{"start":{"line":130,"column":32},"end":{"line":135,"column":15}},"48":{"start":{"line":138,"column":18},"end":{"line":138,"column":77}},"49":{"start":{"line":139,"column":27},"end":{"line":143,"column":16}},"50":{"start":{"line":145,"column":4},"end":{"line":159,"column":7}},"51":{"start":{"line":161,"column":4},"end":{"line":161,"column":45}},"52":{"start":{"line":162,"column":4},"end":{"line":166,"column":7}},"53":{"start":{"line":173,"column":0},"end":{"line":254,"column":3}},"54":{"start":{"line":174,"column":2},"end":{"line":253,"column":3}},"55":{"start":{"line":175,"column":22},"end":{"line":175,"column":34}},"56":{"start":{"line":176,"column":18},"end":{"line":176,"column":77}},"57":{"start":{"line":179,"column":25},"end":{"line":184,"column":27}},"58":{"start":{"line":187,"column":24},"end":{"line":187,"column":68}},"59":{"start":{"line":190,"column":33},"end":{"line":193,"column":6}},"60":{"start":{"line":196,"column":33},"end":{"line":206,"column":13}},"61":{"start":{"line":209,"column":24},"end":{"line":213,"column":6}},"62":{"start":{"line":215,"column":22},"end":{"line":215,"column":75}},"63":{"start":{"line":215,"column":47},"end":{"line":215,"column":74}},"64":{"start":{"line":217,"column":4},"end":{"line":245,"column":7}},"65":{"start":{"line":226,"column":47},"end":{"line":234,"column":9}},"66":{"start":{"line":235,"column":63},"end":{"line":243,"column":9}},"67":{"start":{"line":247,"column":4},"end":{"line":247,"column":53}},"68":{"start":{"line":248,"column":4},"end":{"line":252,"column":7}},"69":{"start":{"line":259,"column":0},"end":{"line":284,"column":3}},"70":{"start":{"line":260,"column":2},"end":{"line":283,"column":3}},"71":{"start":{"line":261,"column":21},"end":{"line":264,"column":42}},"72":{"start":{"line":266,"column":4},"end":{"line":271,"column":5}},"73":{"start":{"line":267,"column":6},"end":{"line":270,"column":9}},"74":{"start":{"line":273,"column":4},"end":{"line":276,"column":7}},"75":{"start":{"line":278,"column":4},"end":{"line":278,"column":25}},"76":{"start":{"line":279,"column":4},"end":{"line":282,"column":7}},"77":{"start":{"line":289,"column":0},"end":{"line":391,"column":3}},"78":{"start":{"line":299,"column":2},"end":{"line":390,"column":3}},"79":{"start":{"line":300,"column":4},"end":{"line":305,"column":5}},"80":{"start":{"line":301,"column":6},"end":{"line":304,"column":9}},"81":{"start":{"line":307,"column":19},"end":{"line":307,"column":40}},"82":{"start":{"line":308,"column":4},"end":{"line":314,"column":5}},"83":{"start":{"line":309,"column":6},"end":{"line":313,"column":9}},"84":{"start":{"line":325,"column":8},"end":{"line":325,"column":16}},"85":{"start":{"line":328,"column":20},"end":{"line":328,"column":50}},"86":{"start":{"line":329,"column":4},"end":{"line":334,"column":5}},"87":{"start":{"line":330,"column":6},"end":{"line":333,"column":9}},"88":{"start":{"line":337,"column":32},"end":{"line":355,"column":6}},"89":{"start":{"line":357,"column":4},"end":{"line":362,"column":5}},"90":{"start":{"line":358,"column":6},"end":{"line":361,"column":9}},"91":{"start":{"line":364,"column":21},"end":{"line":374,"column":6}},"92":{"start":{"line":376,"column":4},"end":{"line":376,"column":26}},"93":{"start":{"line":377,"column":4},"end":{"line":377,"column":66}},"94":{"start":{"line":379,"column":4},"end":{"line":383,"column":7}},"95":{"start":{"line":385,"column":4},"end":{"line":385,"column":25}},"96":{"start":{"line":386,"column":4},"end":{"line":389,"column":7}},"97":{"start":{"line":396,"column":0},"end":{"line":470,"column":3}},"98":{"start":{"line":403,"column":2},"end":{"line":469,"column":3}},"99":{"start":{"line":404,"column":19},"end":{"line":404,"column":40}},"100":{"start":{"line":405,"column":4},"end":{"line":411,"column":5}},"101":{"start":{"line":406,"column":6},"end":{"line":410,"column":9}},"102":{"start":{"line":413,"column":21},"end":{"line":413,"column":59}},"103":{"start":{"line":414,"column":4},"end":{"line":419,"column":5}},"104":{"start":{"line":415,"column":6},"end":{"line":418,"column":9}},"105":{"start":{"line":422,"column":4},"end":{"line":427,"column":5}},"106":{"start":{"line":423,"column":6},"end":{"line":426,"column":9}},"107":{"start":{"line":439,"column":8},"end":{"line":439,"column":16}},"108":{"start":{"line":442,"column":4},"end":{"line":442,"column":45}},"109":{"start":{"line":442,"column":14},"end":{"line":442,"column":45}},"110":{"start":{"line":443,"column":4},"end":{"line":443,"column":50}},"111":{"start":{"line":443,"column":19},"end":{"line":443,"column":50}},"112":{"start":{"line":444,"column":4},"end":{"line":444,"column":44}},"113":{"start":{"line":444,"column":17},"end":{"line":444,"column":44}},"114":{"start":{"line":445,"column":4},"end":{"line":445,"column":50}},"115":{"start":{"line":445,"column":19},"end":{"line":445,"column":50}},"116":{"start":{"line":446,"column":4},"end":{"line":446,"column":35}},"117":{"start":{"line":446,"column":14},"end":{"line":446,"column":35}},"118":{"start":{"line":447,"column":4},"end":{"line":447,"column":50}},"119":{"start":{"line":447,"column":19},"end":{"line":447,"column":50}},"120":{"start":{"line":448,"column":4},"end":{"line":448,"column":44}},"121":{"start":{"line":448,"column":17},"end":{"line":448,"column":44}},"122":{"start":{"line":449,"column":4},"end":{"line":449,"column":41}},"123":{"start":{"line":449,"column":16},"end":{"line":449,"column":41}},"124":{"start":{"line":450,"column":4},"end":{"line":450,"column":52}},"125":{"start":{"line":450,"column":29},"end":{"line":450,"column":52}},"126":{"start":{"line":452,"column":4},"end":{"line":452,"column":37}},"127":{"start":{"line":453,"column":4},"end":{"line":453,"column":38}},"128":{"start":{"line":455,"column":4},"end":{"line":455,"column":26}},"129":{"start":{"line":456,"column":4},"end":{"line":456,"column":66}},"130":{"start":{"line":458,"column":4},"end":{"line":462,"column":7}},"131":{"start":{"line":464,"column":4},"end":{"line":464,"column":25}},"132":{"start":{"line":465,"column":4},"end":{"line":468,"column":7}},"133":{"start":{"line":475,"column":0},"end":{"line":505,"column":3}},"134":{"start":{"line":476,"column":2},"end":{"line":504,"column":3}},"135":{"start":{"line":477,"column":4},"end":{"line":482,"column":5}},"136":{"start":{"line":478,"column":6},"end":{"line":481,"column":9}},"137":{"start":{"line":484,"column":21},"end":{"line":484,"column":59}},"138":{"start":{"line":485,"column":4},"end":{"line":490,"column":5}},"139":{"start":{"line":486,"column":6},"end":{"line":489,"column":9}},"140":{"start":{"line":492,"column":4},"end":{"line":492,"column":52}},"141":{"start":{"line":494,"column":4},"end":{"line":497,"column":7}},"142":{"start":{"line":499,"column":4},"end":{"line":499,"column":25}},"143":{"start":{"line":500,"column":4},"end":{"line":503,"column":7}},"144":{"start":{"line":510,"column":0},"end":{"line":566,"column":3}},"145":{"start":{"line":515,"column":2},"end":{"line":565,"column":3}},"146":{"start":{"line":516,"column":19},"end":{"line":516,"column":40}},"147":{"start":{"line":517,"column":4},"end":{"line":523,"column":5}},"148":{"start":{"line":518,"column":6},"end":{"line":522,"column":9}},"149":{"start":{"line":525,"column":21},"end":{"line":525,"column":59}},"150":{"start":{"line":526,"column":4},"end":{"line":531,"column":5}},"151":{"start":{"line":527,"column":6},"end":{"line":530,"column":9}},"152":{"start":{"line":534,"column":4},"end":{"line":539,"column":5}},"153":{"start":{"line":535,"column":6},"end":{"line":538,"column":9}},"154":{"start":{"line":541,"column":44},"end":{"line":541,"column":52}},"155":{"start":{"line":544,"column":4},"end":{"line":544,"column":36}},"156":{"start":{"line":545,"column":4},"end":{"line":547,"column":5}},"157":{"start":{"line":546,"column":6},"end":{"line":546,"column":57}},"158":{"start":{"line":548,"column":4},"end":{"line":548,"column":57}},"159":{"start":{"line":549,"column":4},"end":{"line":549,"column":37}},"160":{"start":{"line":550,"column":4},"end":{"line":550,"column":38}},"161":{"start":{"line":552,"column":4},"end":{"line":552,"column":26}},"162":{"start":{"line":554,"column":4},"end":{"line":558,"column":7}},"163":{"start":{"line":560,"column":4},"end":{"line":560,"column":25}},"164":{"start":{"line":561,"column":4},"end":{"line":564,"column":7}},"165":{"start":{"line":571,"column":0},"end":{"line":711,"column":3}},"166":{"start":{"line":572,"column":2},"end":{"line":710,"column":3}},"167":{"start":{"line":574,"column":4},"end":{"line":579,"column":5}},"168":{"start":{"line":575,"column":6},"end":{"line":578,"column":9}},"169":{"start":{"line":581,"column":22},"end":{"line":581,"column":34}},"170":{"start":{"line":582,"column":30},"end":{"line":582,"column":49}},"171":{"start":{"line":583,"column":18},"end":{"line":583,"column":77}},"172":{"start":{"line":586,"column":20},"end":{"line":586,"column":71}},"173":{"start":{"line":588,"column":4},"end":{"line":601,"column":5}},"174":{"start":{"line":589,"column":6},"end":{"line":600,"column":9}},"175":{"start":{"line":603,"column":21},"end":{"line":603,"column":48}},"176":{"start":{"line":603,"column":40},"end":{"line":603,"column":47}},"177":{"start":{"line":606,"column":23},"end":{"line":613,"column":39}},"178":{"start":{"line":616,"column":23},"end":{"line":616,"column":25}},"179":{"start":{"line":617,"column":4},"end":{"line":630,"column":7}},"180":{"start":{"line":618,"column":6},"end":{"line":629,"column":9}},"181":{"start":{"line":619,"column":8},"end":{"line":628,"column":11}},"182":{"start":{"line":633,"column":4},"end":{"line":635,"column":7}},"183":{"start":{"line":634,"column":6},"end":{"line":634,"column":52}},"184":{"start":{"line":638,"column":22},"end":{"line":638,"column":32}},"185":{"start":{"line":639,"column":4},"end":{"line":639,"column":35}},"186":{"start":{"line":640,"column":20},"end":{"line":640,"column":30}},"187":{"start":{"line":641,"column":4},"end":{"line":641,"column":38}},"188":{"start":{"line":643,"column":26},"end":{"line":649,"column":53}},"189":{"start":{"line":652,"column":4},"end":{"line":671,"column":7}},"190":{"start":{"line":653,"column":35},"end":{"line":656,"column":7}},"191":{"start":{"line":654,"column":8},"end":{"line":655,"column":50}},"192":{"start":{"line":658,"column":6},"end":{"line":665,"column":7}},"193":{"start":{"line":659,"column":8},"end":{"line":664,"column":10}},"194":{"start":{"line":667,"column":6},"end":{"line":670,"column":8}},"195":{"start":{"line":674,"column":24},"end":{"line":678,"column":6}},"196":{"start":{"line":680,"column":29},"end":{"line":680,"column":82}},"197":{"start":{"line":680,"column":56},"end":{"line":680,"column":81}},"198":{"start":{"line":681,"column":28},"end":{"line":681,"column":83}},"199":{"start":{"line":681,"column":55},"end":{"line":681,"column":82}},"200":{"start":{"line":682,"column":27},"end":{"line":684,"column":5}},"201":{"start":{"line":683,"column":6},"end":{"line":683,"column":64}},"202":{"start":{"line":687,"column":22},"end":{"line":687,"column":76}},"203":{"start":{"line":689,"column":4},"end":{"line":702,"column":7}},"204":{"start":{"line":704,"column":4},"end":{"line":704,"column":53}},"205":{"start":{"line":705,"column":4},"end":{"line":709,"column":7}},"206":{"start":{"line":713,"column":0},"end":{"line":713,"column":24}}},"fnMap":{"0":{"name":"(anonymous_0)","decl":{"start":{"line":15,"column":25},"end":{"line":15,"column":26}},"loc":{"start":{"line":15,"column":45},"end":{"line":100,"column":1}},"line":15},"1":{"name":"(anonymous_1)","decl":{"start":{"line":54,"column":37},"end":{"line":54,"column":38}},"loc":{"start":{"line":54,"column":44},"end":{"line":54,"column":51}},"line":54},"2":{"name":"(anonymous_2)","decl":{"start":{"line":105,"column":34},"end":{"line":105,"column":35}},"loc":{"start":{"line":105,"column":54},"end":{"line":168,"column":1}},"line":105},"3":{"name":"(anonymous_3)","decl":{"start":{"line":173,"column":42},"end":{"line":173,"column":43}},"loc":{"start":{"line":173,"column":62},"end":{"line":254,"column":1}},"line":173},"4":{"name":"(anonymous_4)","decl":{"start":{"line":215,"column":40},"end":{"line":215,"column":41}},"loc":{"start":{"line":215,"column":47},"end":{"line":215,"column":74}},"line":215},"5":{"name":"(anonymous_5)","decl":{"start":{"line":226,"column":39},"end":{"line":226,"column":40}},"loc":{"start":{"line":226,"column":47},"end":{"line":234,"column":9}},"line":226},"6":{"name":"(anonymous_6)","decl":{"start":{"line":235,"column":55},"end":{"line":235,"column":56}},"loc":{"start":{"line":235,"column":63},"end":{"line":243,"column":9}},"line":235},"7":{"name":"(anonymous_7)","decl":{"start":{"line":259,"column":28},"end":{"line":259,"column":29}},"loc":{"start":{"line":259,"column":48},"end":{"line":284,"column":1}},"line":259},"8":{"name":"(anonymous_8)","decl":{"start":{"line":298,"column":3},"end":{"line":298,"column":4}},"loc":{"start":{"line":298,"column":23},"end":{"line":391,"column":1}},"line":298},"9":{"name":"(anonymous_9)","decl":{"start":{"line":402,"column":3},"end":{"line":402,"column":4}},"loc":{"start":{"line":402,"column":23},"end":{"line":470,"column":1}},"line":402},"10":{"name":"(anonymous_10)","decl":{"start":{"line":475,"column":31},"end":{"line":475,"column":32}},"loc":{"start":{"line":475,"column":51},"end":{"line":505,"column":1}},"line":475},"11":{"name":"(anonymous_11)","decl":{"start":{"line":514,"column":3},"end":{"line":514,"column":4}},"loc":{"start":{"line":514,"column":23},"end":{"line":566,"column":1}},"line":514},"12":{"name":"(anonymous_12)","decl":{"start":{"line":571,"column":42},"end":{"line":571,"column":43}},"loc":{"start":{"line":571,"column":62},"end":{"line":711,"column":1}},"line":571},"13":{"name":"(anonymous_13)","decl":{"start":{"line":603,"column":33},"end":{"line":603,"column":34}},"loc":{"start":{"line":603,"column":40},"end":{"line":603,"column":47}},"line":603},"14":{"name":"(anonymous_14)","decl":{"start":{"line":617,"column":23},"end":{"line":617,"column":24}},"loc":{"start":{"line":617,"column":36},"end":{"line":630,"column":5}},"line":617},"15":{"name":"(anonymous_15)","decl":{"start":{"line":618,"column":34},"end":{"line":618,"column":35}},"loc":{"start":{"line":618,"column":42},"end":{"line":629,"column":7}},"line":618},"16":{"name":"(anonymous_16)","decl":{"start":{"line":633,"column":22},"end":{"line":633,"column":23}},"loc":{"start":{"line":633,"column":32},"end":{"line":635,"column":5}},"line":633},"17":{"name":"(anonymous_17)","decl":{"start":{"line":652,"column":36},"end":{"line":652,"column":37}},"loc":{"start":{"line":652,"column":43},"end":{"line":671,"column":5}},"line":652},"18":{"name":"(anonymous_18)","decl":{"start":{"line":653,"column":54},"end":{"line":653,"column":55}},"loc":{"start":{"line":654,"column":8},"end":{"line":655,"column":50}},"line":654},"19":{"name":"(anonymous_19)","decl":{"start":{"line":680,"column":49},"end":{"line":680,"column":50}},"loc":{"start":{"line":680,"column":56},"end":{"line":680,"column":81}},"line":680},"20":{"name":"(anonymous_20)","decl":{"start":{"line":681,"column":48},"end":{"line":681,"column":49}},"loc":{"start":{"line":681,"column":55},"end":{"line":681,"column":82}},"line":681},"21":{"name":"(anonymous_21)","decl":{"start":{"line":682,"column":47},"end":{"line":682,"column":48}},"loc":{"start":{"line":683,"column":6},"end":{"line":683,"column":64}},"line":683}},"branchMap":{"0":{"loc":{"start":{"line":25,"column":6},"end":{"line":25,"column":14}},"type":"default-arg","locations":[{"start":{"line":25,"column":13},"end":{"line":25,"column":14}}],"line":25},"1":{"loc":{"start":{"line":26,"column":6},"end":{"line":26,"column":16}},"type":"default-arg","locations":[{"start":{"line":26,"column":14},"end":{"line":26,"column":16}}],"line":26},"2":{"loc":{"start":{"line":32,"column":4},"end":{"line":32,"column":43}},"type":"if","locations":[{"start":{"line":32,"column":4},"end":{"line":32,"column":43}},{"start":{},"end":{}}],"line":32},"3":{"loc":{"start":{"line":33,"column":4},"end":{"line":33,"column":75}},"type":"if","locations":[{"start":{"line":33,"column":4},"end":{"line":33,"column":75}},{"start":{},"end":{}}],"line":33},"4":{"loc":{"start":{"line":34,"column":4},"end":{"line":34,"column":48}},"type":"if","locations":[{"start":{"line":34,"column":4},"end":{"line":34,"column":48}},{"start":{},"end":{}}],"line":34},"5":{"loc":{"start":{"line":35,"column":4},"end":{"line":35,"column":59}},"type":"if","locations":[{"start":{"line":35,"column":4},"end":{"line":35,"column":59}},{"start":{},"end":{}}],"line":35},"6":{"loc":{"start":{"line":35,"column":8},"end":{"line":35,"column":34}},"type":"binary-expr","locations":[{"start":{"line":35,"column":8},"end":{"line":35,"column":14}},{"start":{"line":35,"column":18},"end":{"line":35,"column":34}}],"line":35},"7":{"loc":{"start":{"line":36,"column":4},"end":{"line":36,"column":51}},"type":"if","locations":[{"start":{"line":36,"column":4},"end":{"line":36,"column":51}},{"start":{},"end":{}}],"line":36},"8":{"loc":{"start":{"line":38,"column":4},"end":{"line":43,"column":5}},"type":"if","locations":[{"start":{"line":38,"column":4},"end":{"line":43,"column":5}},{"start":{},"end":{}}],"line":38},"9":{"loc":{"start":{"line":38,"column":8},"end":{"line":38,"column":28}},"type":"binary-expr","locations":[{"start":{"line":38,"column":8},"end":{"line":38,"column":17}},{"start":{"line":38,"column":21},"end":{"line":38,"column":28}}],"line":38},"10":{"loc":{"start":{"line":46,"column":4},"end":{"line":57,"column":5}},"type":"if","locations":[{"start":{"line":46,"column":4},"end":{"line":57,"column":5}},{"start":{"line":48,"column":11},"end":{"line":57,"column":5}}],"line":46},"11":{"loc":{"start":{"line":48,"column":11},"end":{"line":57,"column":5}},"type":"if","locations":[{"start":{"line":48,"column":11},"end":{"line":57,"column":5}},{"start":{},"end":{}}],"line":48},"12":{"loc":{"start":{"line":53,"column":6},"end":{"line":56,"column":7}},"type":"if","locations":[{"start":{"line":53,"column":6},"end":{"line":56,"column":7}},{"start":{},"end":{}}],"line":53},"13":{"loc":{"start":{"line":53,"column":10},"end":{"line":53,"column":39}},"type":"binary-expr","locations":[{"start":{"line":53,"column":10},"end":{"line":53,"column":17}},{"start":{"line":53,"column":21},"end":{"line":53,"column":39}}],"line":53},"14":{"loc":{"start":{"line":224,"column":21},"end":{"line":224,"column":110}},"type":"cond-expr","locations":[{"start":{"line":224,"column":33},"end":{"line":224,"column":95}},{"start":{"line":224,"column":98},"end":{"line":224,"column":110}}],"line":224},"15":{"loc":{"start":{"line":228,"column":19},"end":{"line":228,"column":66}},"type":"binary-expr","locations":[{"start":{"line":228,"column":19},"end":{"line":228,"column":45}},{"start":{"line":228,"column":49},"end":{"line":228,"column":66}}],"line":228},"16":{"loc":{"start":{"line":229,"column":23},"end":{"line":229,"column":58}},"type":"binary-expr","locations":[{"start":{"line":229,"column":23},"end":{"line":229,"column":49}},{"start":{"line":229,"column":53},"end":{"line":229,"column":58}}],"line":229},"17":{"loc":{"start":{"line":237,"column":19},"end":{"line":237,"column":66}},"type":"binary-expr","locations":[{"start":{"line":237,"column":19},"end":{"line":237,"column":45}},{"start":{"line":237,"column":49},"end":{"line":237,"column":66}}],"line":237},"18":{"loc":{"start":{"line":239,"column":21},"end":{"line":239,"column":64}},"type":"binary-expr","locations":[{"start":{"line":239,"column":21},"end":{"line":239,"column":55}},{"start":{"line":239,"column":59},"end":{"line":239,"column":64}}],"line":239},"19":{"loc":{"start":{"line":240,"column":19},"end":{"line":240,"column":62}},"type":"binary-expr","locations":[{"start
[...]
,"C:\\Users\\Satish\\Downloads\\smart-timetable\\backend\\routes\\users.js": {"path":"C:\\Users\\Satish\\Downloads\\smart-timetable\\backend\\routes\\users.js","statementMap":{"0":{"start":{"line":1,"column":16},"end":{"line":1,"column":34}},"1":{"start":{"line":2,"column":15},"end":{"line":2,"column":34}},"2":{"start":{"line":3,"column":35},"end":{"line":3,"column":63}},"3":{"start":{"line":4,"column":13},"end":{"line":4,"column":38}},"4":{"start":{"line":5,"column":20},"end":{"line":5,"column":49}},"5":{"start":{"line":6,"column":15},"end":{"line":6,"column":31}},"6":{"start":{"line":11,"column":0},"end":{"line":43,"column":3}},"7":{"start":{"line":12,"column":2},"end":{"line":42,"column":3}},"8":{"start":{"line":13,"column":4},"end":{"line":18,"column":5}},"9":{"start":{"line":14,"column":6},"end":{"line":17,"column":9}},"10":{"start":{"line":20,"column":18},"end":{"line":22,"column":30}},"11":{"start":{"line":24,"column":18},"end":{"line":29,"column":5}},"12":{"start":{"line":26,"column":34},"end":{"line":26,"column":54}},"13":{"start":{"line":27,"column":33},"end":{"line":27,"column":53}},"14":{"start":{"line":28,"column":32},"end":{"line":28,"column":50}},"15":{"start":{"line":31,"column":4},"end":{"line":35,"column":7}},"16":{"start":{"line":37,"column":4},"end":{"line":37,"column":25}},"17":{"start":{"line":38,"column":4},"end":{"line":41,"column":7}},"18":{"start":{"line":48,"column":0},"end":{"line":78,"column":3}},"19":{"start":{"line":49,"column":2},"end":{"line":77,"column":3}},"20":{"start":{"line":50,"column":17},"end":{"line":50,"column":75}},"21":{"start":{"line":52,"column":4},"end":{"line":57,"column":5}},"22":{"start":{"line":53,"column":6},"end":{"line":56,"column":9}},"23":{"start":{"line":60,"column":4},"end":{"line":65,"column":5}},"24":{"start":{"line":61,"column":6},"end":{"line":64,"column":9}},"25":{"start":{"line":67,"column":4},"end":{"line":70,"column":7}},"26":{"start":{"line":72,"column":4},"end":{"line":72,"column":25}},"27":{"start":{"line":73,"column":4},"end":{"line":76,"column":7}},"28":{"start":{"line":83,"column":0},"end":{"line":156,"column":3}},"29":{"start":{"line":91,"column":2},"end":{"line":155,"column":3}},"30":{"start":{"line":92,"column":4},"end":{"line":97,"column":5}},"31":{"start":{"line":93,"column":6},"end":{"line":96,"column":9}},"32":{"start":{"line":99,"column":19},"end":{"line":99,"column":40}},"33":{"start":{"line":100,"column":4},"end":{"line":106,"column":5}},"34":{"start":{"line":101,"column":6},"end":{"line":105,"column":9}},"35":{"start":{"line":108,"column":80},"end":{"line":108,"column":88}},"36":{"start":{"line":111,"column":25},"end":{"line":111,"column":54}},"37":{"start":{"line":112,"column":4},"end":{"line":117,"column":5}},"38":{"start":{"line":113,"column":6},"end":{"line":116,"column":9}},"39":{"start":{"line":120,"column":17},"end":{"line":120,"column":41}},"40":{"start":{"line":121,"column":25},"end":{"line":121,"column":58}},"41":{"start":{"line":124,"column":17},"end":{"line":132,"column":6}},"42":{"start":{"line":134,"column":4},"end":{"line":134,"column":22}},"43":{"start":{"line":136,"column":4},"end":{"line":148,"column":7}},"44":{"start":{"line":150,"column":4},"end":{"line":150,"column":25}},"45":{"start":{"line":151,"column":4},"end":{"line":154,"column":7}},"46":{"start":{"line":161,"column":0},"end":{"line":243,"column":3}},"47":{"start":{"line":169,"column":2},"end":{"line":242,"column":3}},"48":{"start":{"line":170,"column":19},"end":{"line":170,"column":40}},"49":{"start":{"line":171,"column":4},"end":{"line":177,"column":5}},"50":{"start":{"line":172,"column":6},"end":{"line":176,"column":9}},"51":{"start":{"line":179,"column":17},"end":{"line":179,"column":51}},"52":{"start":{"line":180,"column":4},"end":{"line":185,"column":5}},"53":{"start":{"line":181,"column":6},"end":{"line":184,"column":9}},"54":{"start":{"line":188,"column":4},"end":{"line":193,"column":5}},"55":{"start":{"line":189,"column":6},"end":{"line":192,"column":9}},"56":{"start":{"line":195,"column":80},"end":{"line":195,"column":88}},"57":{"start":{"line":198,"column":4},"end":{"line":206,"column":5}},"58":{"start":{"line":199,"column":27},"end":{"line":199,"column":56}},"59":{"start":{"line":200,"column":6},"end":{"line":205,"column":7}},"60":{"start":{"line":201,"column":8},"end":{"line":204,"column":11}},"61":{"start":{"line":209,"column":4},"end":{"line":209,"column":31}},"62":{"start":{"line":209,"column":14},"end":{"line":209,"column":31}},"63":{"start":{"line":210,"column":4},"end":{"line":210,"column":34}},"64":{"start":{"line":210,"column":15},"end":{"line":210,"column":34}},"65":{"start":{"line":211,"column":4},"end":{"line":214,"column":5}},"66":{"start":{"line":212,"column":19},"end":{"line":212,"column":43}},"67":{"start":{"line":213,"column":6},"end":{"line":213,"column":60}},"68":{"start":{"line":215,"column":4},"end":{"line":215,"column":60}},"69":{"start":{"line":215,"column":43},"end":{"line":215,"column":60}},"70":{"start":{"line":216,"column":4},"end":{"line":216,"column":49}},"71":{"start":{"line":216,"column":20},"end":{"line":216,"column":49}},"72":{"start":{"line":217,"column":4},"end":{"line":217,"column":55}},"73":{"start":{"line":217,"column":22},"end":{"line":217,"column":55}},"74":{"start":{"line":218,"column":4},"end":{"line":218,"column":95}},"75":{"start":{"line":218,"column":70},"end":{"line":218,"column":95}},"76":{"start":{"line":220,"column":4},"end":{"line":220,"column":22}},"77":{"start":{"line":222,"column":4},"end":{"line":235,"column":7}},"78":{"start":{"line":237,"column":4},"end":{"line":237,"column":25}},"79":{"start":{"line":238,"column":4},"end":{"line":241,"column":7}},"80":{"start":{"line":248,"column":0},"end":{"line":286,"column":3}},"81":{"start":{"line":249,"column":2},"end":{"line":285,"column":3}},"82":{"start":{"line":250,"column":4},"end":{"line":255,"column":5}},"83":{"start":{"line":251,"column":6},"end":{"line":254,"column":9}},"84":{"start":{"line":257,"column":17},"end":{"line":257,"column":51}},"85":{"start":{"line":258,"column":4},"end":{"line":263,"column":5}},"86":{"start":{"line":259,"column":6},"end":{"line":262,"column":9}},"87":{"start":{"line":266,"column":4},"end":{"line":271,"column":5}},"88":{"start":{"line":267,"column":6},"end":{"line":270,"column":9}},"89":{"start":{"line":273,"column":4},"end":{"line":273,"column":48}},"90":{"start":{"line":275,"column":4},"end":{"line":278,"column":7}},"91":{"start":{"line":280,"column":4},"end":{"line":280,"column":25}},"92":{"start":{"line":281,"column":4},"end":{"line":284,"column":7}},"93":{"start":{"line":291,"column":0},"end":{"line":329,"column":3}},"94":{"start":{"line":292,"column":2},"end":{"line":328,"column":3}},"95":{"start":{"line":293,"column":41},"end":{"line":293,"column":50}},"96":{"start":{"line":295,"column":4},"end":{"line":300,"column":5}},"97":{"start":{"line":296,"column":6},"end":{"line":299,"column":9}},"98":{"start":{"line":302,"column":20},"end":{"line":303,"column":30}},"99":{"start":{"line":306,"column":29},"end":{"line":316,"column":6}},"100":{"start":{"line":307,"column":24},"end":{"line":307,"column":58}},"101":{"start":{"line":308,"column":27},"end":{"line":308,"column":52}},"102":{"start":{"line":310,"column":6},"end":{"line":310,"column":65}},"103":{"start":{"line":310,"column":52},"end":{"line":310,"column":65}},"104":{"start":{"line":313,"column":6},"end":{"line":315,"column":8}},"105":{"start":{"line":314,"column":8},"end":{"line":314,"column":62}},"106":{"start":{"line":318,"column":4},"end":{"line":321,"column":7}},"107":{"start":{"line":323,"column":4},"end":{"line":323,"column":25}},"108":{"start":{"line":324,"column":4},"end":{"line":327,"column":7}},"109":{"start":{"line":331,"column":0},"end":{"line":331,"column":24}}},"fnMap":{"0":{"name":"(anonymous_0)","decl":{"start":{"line":11,"column":25},"end":{"line":11,"column":26}},"loc":{"start":{"line":11,"column":45},"end":{"line":43,"column":1}},"line":11},"1":{"name":"(anonymous_1)","decl":{"start":{"line":26,"column":29},"end":{"line":26,"column":30}},"loc":{"start":{"line":26,"column":34},"end":{"line":26,"column":54}},"line":26},"2":{"name":"(anonymous_2)","decl":{"start":{"line":27,"column":28},"end":{"line":27,"column":29}},"loc":{"start":{"line":27,"column":33},"end":{"line":27,"column":53}},"line":27},"3":{"name":"(anonymous_3)","decl":{"start":{"line":28,"column":27},"end":{"line":28,"column":28}},"loc":{"start":{"line":28,"column":32},"end":{"line":28,"column":50}},"line":28},"4":{"name":"(anonymous_4)","decl":{"start":{"line":48,"column":28},"end":{"line":48,"column":29}},"loc":{"start":{"line":48,"column":48},"end":{"line":78,"column":1}},"line":48},"5":{"name":"(anonymous_5)","decl":{"start":{"line":90,"column":3},"end":{"line":90,"column":4}},"loc":{"start":{"line":90,"column":23},"end":{"line":156,"column":1}},"line":90},"6":{"name":"(anonymous_6)","decl":{"start":{"line":168,"column":3},"end":{"line":168,"column":4}},"loc":{"start":{"line":168,"column":23},"end":{"line":243,"column":1}},"line":168},"7":{"name":"(anonymous_7)","decl":{"start":{"line":248,"column":31},"end":{"line":248,"column":32}},"loc":{"start":{"line":248,"column":51},"end":{"line":286,"column":1}},"line":248},"8":{"name":"(anonymous_8)","decl":{"start":{"line":291,"column":42},"end":{"line":291,"column":43}},"loc":{"start":{"line":291,"column":62},"end":{"line":329,"column":1}},"line":291},"9":{"name":"(anonymous_9)","decl":{"start":{"line":306,"column":44},"end":{"line":306,"column":45}},"loc":{"start":{"line":306,"column":49},"end":{"line":316,"column":5}},"line":306},"10":{"name":"(anonymous_10)","decl":{"start":{"line":313,"column":41},"end":{"line":313,"column":42}},"loc":{"start":{"line":314,"column":8},"end":{"line":314,"column":62}},"line":314}},"branchMap":{"0":{"loc":{"start":{"line":13,"column":4},"end":{"line":18,"column":5}},"type":"if","locations":[{"start":{"line":13,"column":4},"end":{"line":18,"column":5}},{"start":{},"end":{}}],"line":13},"1":{"loc":{"start":{"line":52,"column":4},"end":{"line":57,"column":5}},"type":"if","locations":[{"start":{"line":52,"column":4},"end":{"line":57,"column":5}},{"start":{},"end":{}}],"line":52},"2":{"loc":{"start":{"line":60,"column":4},"end":{"line":65,"column":5}},"type":"if","locations":[{"start":{"line":60,"column":4},"end":{"line":65,"column":5}},{"start":{},"end":{}}],"line":60},"3":{"loc":{"start":{"line":60,"column":8},"end":{"line":60,"column":72}},"type":"binary-expr","locations":[{"start":{"line":60,"column":8},"end":{"line":60,"column":33}},{"start":{"line":60,"column":37},"end":{"line":60,"column":72}}],"line":60},"4":{"loc":{"start":{"line":92,"column":4},"end":{"line":97,"column":5}},"type":"if","locations":[{"start":{"line":92,"column":4},"end":{"line":97,"column":5}},{"start":{},"end":{}}],"line":92},"5":{"loc":{"start":{"line":100,"column":4},"end":{"line":106,"column":5}},"type":"if","locations":[{"start":{"line":100,"column":4},"end":{"line":106,"column":5}},{"start":{},"end":{}}],"line":100},"6":{"loc":{"start":{"line":112,"column":4},"end":{"line":117,"column":5}},"type":"if","locations":[{"start":{"line":112,"column":4},"end":{"line":117,"column":5}},{"start":{},"end":{}}],"line":112},"7":{"loc":{"start":{"line":130,"column":20},"end":{"line":130,"column":38}},"type":"binary-expr","locations":[{"start":{"line":130,"column":20},"end":{"line":130,"column":32}},{"start":{"line":130,"column":36},"end":{"line":130,"column":38}}],"line":130},"8":{"loc":{"start":{"line":131,"column":16},"end":{"line":131,"column":65}},"type":"cond-expr","locations":[{"start":{"line":131,"column":50},"end":{"line":131,"column":58}},{"start":{"line":131,"column":61},"end":{"line":131,"column":65}}],"line":131},"9":{"loc":{"start":{"line":171,"column":4},"end":{"line":177,"column":5}},"type":"if","locations":[{"start":{"line":171,"column":4},"end":{"line":177,"column":5}},{"start":{},"end":{}}],"line":171},"10":{"loc":{"start":{"line":180,"column":4},"end":{"line":185,"column":5}},"type":"if","locations":[{"start":{"line":180,"column":4},"end":{"line":185,"column":5}},{"start":{},"end":{}}],"line":180},"11":{"loc":{"start":{"line":188,"column":4},"end":{"line":193,"column":5}},"type":"if","locations":[{"start":{"line":188,"column":4},"end":{"line":193,"column":5}},{"start":{},"end":{}}],"line":188},"12":{"loc":{"start":{"line":188,"column":8},"end":{"line":188,"column":72}},"type":"binary-expr","locations":[{"start":{"line":188,"column":8},"end":{"line":188,"column":33}},{"start":{"line":188,"column":37},"end":{"line":188,"column":72}}],"line":188},"13":{"loc":{"start":{"line":198,"column":4},"end":{"line":206,"column":5}},"type":"if","locations":[{"start":{"line":198,"column":4},"end":{"line":206,"column":5}},{"start":{},"end":{}}],"line":198},"14":{"loc":{"start":{"line":198,"column":8},"end":{"line":198,"column":37}},"type":"binary-expr","locations":[{"start":{"line":198,"column":8},"end":{"line":198,"column":13}},{"start":{"line":198,"column":17},"end":{"line":198,"column":37}}],"line":198},"15":{"loc":{"start":{"line":200,"column":6},"end":{"line":205,"column":7}},"type":"if","locations":[{"start":{"line":200,"column":6},"end":{"line":205,"column":7}},{"start":{},"end":{}}],"line":200},"16":{"loc":{"start":{"line":209,"column":4},"end":{"line":209,"column":31}},"type":"if","locations":[{"start":{"line":209,"column":4},"end":{"line":209,"column":31}},{"start":{},"end":{}}],"line":209},"17":{"loc":{"start":{"line":210,"column":4},"end":{"line":210,"column":34}},"type":"if","locations":[{"start":{"line":210,"column":4},"end":{"line":210,"column":34}},{"start":{},"end":{}}],"line":210},"18":{"loc":{"start":{"line":211,"column":4},"end":{"line":214,"column":5}},"type":"if","locations":[{"start":{"line":211,"column":4},"end":{"line":214,"column":5}},{"start":{},"end":{}}],"line":211},"19":{"loc":{"start":{"line":215,"column":4},"end":{"line":215,"column":60}},"type":"if","locations":[{"start":{"line":215,"column":4},"end":{"line":215,"column":60}},{"start":{},"end":{}}],"line":215},"20":{"loc":{"start":{"line":215,"column":8},"end":{"line":215,"column":41}},"type":"binary-expr","locations":[{"start":{"line":215,"column":8},"end":{"line":215,"column":12}},{"start":{"line":215,"column":16},"end":{"line":215,"column":41}}],"line":215},"21":{"loc":{"start":{"line":216,"column":4},"end":{"line":216,"column":49}},"type":"if","locations":[{"start":{"line":216,"column":4},"end":{"line":216,"column":49}},{"start":{},"end":{}}],"line":216},"22":{"loc":{"start":{"line":217,"column":4},"end":{"line":217,"column":55}},"type":"if","locations":[{"start":{"line":217,"column":4},"end":{"line":217,"column":55}},{"start":{},"end":{}}],"line":217},"23":{"loc":{"start":{"line":218,"column":4},"end":{"line":218,"column":95}},"type":"if","locations":[{"start":{"line":218,"column":4},"end":{"line":218,"column":95}},{"start":{},"end":{}}],"line":218},"24":{"loc":{"start":{"line":218,"column":8},"end":{"line":218,"column":68}},"type":"binary-expr","locations":[{"start":{"line":218,"column":8},"end":{"line":218,"column":39}},{"start":{"line":218,"column":43},"end":{"line":218,"column":68}}],"line":218},"25":{"loc":{"start":{"line":250,"column":4},"end":{"line":255,"column":5}},"type":"if","locations":[{"start":{"line":250,"column":4},"end":{"line":255,"column":5}},{"start":{},"end":{}}],"line":250},"26":{"loc":{"start":{"line":258,"column":4},"end":{"line":263,"column":5}},"type":"if","locations":[{"start":{"line":258,"column":4},"end":{"line":263,"column":5}},{"start":{},"end":{}}],"line":258},"27":{"loc":{"start":{"line":266,"column":4},"end":{"line":271,"column":5}},"type":"if","locations":[{"start":{"line":266,"column":4},"end":{"line":271,"column":5}},{"start":{},"end":{}}],"line":266},"28":{"loc":{"start":{"line":295,"column":4},"end":{"line":300,"column":5}},"type":"if","locations":[{"start":{"line":295,"column":4},"end":{"line":300,"column":5}},{"start":{},"end":{}}],"line":295},"29":{"loc":{"start":{"line":295,"column":8},"end":{"line":295,"column":39}},"type":"binary-expr","locations":[{"start":{"line":295,"column":8},"end":{"line":295,"column":13}},{"start":{"line":295,"column":17},"end":{"line":295,"column":27}},{"start":{"line":295,"column":31},"end":{"line":295,"column":39}}],"line":295},"30":{"loc":{"start":{"line":310,"column":6},"end":{"line":310,"column":65}},"type":"if","locations":[{"start":{"line":310,"column":6},"end":{"line":310,"column":65}},{"start":{},"end":{}}],"line":310},"31":{"loc":{"start":{"line":310,"column":10},"end":{"line":310,"column":50}},"type":"binary-expr","locations":[{"start":{"line":310,"column":10},"end":{"line":310,"column":23}},{"start":{"line":310,"column":27},"end":{"line":310,"column":50}}],"line":310},"32":{"loc":{"start":{"line":314,"column":8},"end":{"line":314,"column":62}},"type":"binary-expr","locations":[{"start":{"line":314,"column":8},"end":{"line":314,"column":35}},{"start":{"line":314,"column":39},"end":{"line":314,"column":62}}],"line":314}},"s":{"0":1,"1":1,"2":1,"3":1,"4":1,"5":1,"6":1,"7":0,"8":0,"9":0,"10":0,"11":0,"12":0,"13":0,"14":0,"15":0,"16":0,"17":0,"18":1,"19":0,"20":0,"21":0,"22":0,"23":0,"24":0,"25":0,"26":0,"27":0,"28":1,"29":0,"30":0,"31":0,"32":0,"33":0,"34":0,"35":0,"36":0,"37":0,"38":0,"39":0,"40":0,"41":0,"42":0,"43":0,"44":0,"45":0,"46":1,"47":0,"48":0,"49":0,"50":0,"51":0,"52":0,"53":0,"54":0,"55":0,"56":0,"57":0,"58":0,"59":0,"60":0,"61":0,"62":0,"63":0,"64":0,"65":0,"66":0,"67":0,"68":0,"69":0,"70":0,"71":0,"72":0,"73":0,"74":0,"75":0,"76":0,"77":0,"78":0,"79":0,"80":1,"81":0,"82":0,"83":0,"84":0,"85":0,"86":0,"87":0,"88":0,"89":0,"90":0,"91":0,"92":0,"93":1,"94":0,"95":0,"96":0,"97":0,"98":0,"99":0,"100":0,"101":0,"102":0,"103":0,"104":0,"105":0,"106":0,"107":0,"108":0,"109":1},"f":{"0":0,"1":0,"2":0,"3":0,"4":0,"5":0,"6":0,"7":0,"8":0,"9":0,"10":0},"b":{"0":[0,0],"1":[0,0],"2":[0,0],"3":[0,0],"4":[0,0],"5":[0,0],"6":[0,0],"7":[0,0],"8":[0,0],"9":[0,0],"10":[0,0],"11":[0,0],"12":[0,0],"13":[0,0],"14":[0,0],"15":[0,0],"16":[0,0],"17":[0,0],"18":[0,0],"19":[0,0],"20":[0,0],"21":[0,0],"22":[0,0],"23":[0,0],"24":[0,0],"25":[0,0],"26":[0,0],"27":[0,0],"28":[0,0],"29":[0,0,0],"30":[0,0],"31":[0,0],"32":[0,0]},"_coverageSchema":"1a1c01bbd47fc00a2c39e90264f33305004495a9","hash":"021282ab2ef18b412602b0b2298692682deb6449"}
,"C:\\Users\\Satish\\Downloads\\smart-timetable\\backend\\utils\\math.js": {"path":"C:\\Users\\Satish\\Downloads\\smart-timetable\\backend\\utils\\math.js","statementMap":{"0":{"start":{"line":2,"column":2},"end":{"line":2,"column":15}},"1":{"start":{"line":5,"column":0},"end":{"line":5,"column":25}}},"fnMap":{"0":{"name":"add","decl":{"start":{"line":1,"column":9},"end":{"line":1,"column":12}},"loc":{"start":{"line":1,"column":19},"end":{"line":3,"column":1}},"line":1}},"branchMap":{},"s":{"0":1,"1":1},"f":{"0":1},"b":{},"_coverageSchema":"1a1c01bbd47fc00a2c39e90264f33305004495a9","hash":"20bdeb8eae28d2bed4c1b61f3ed59c908e8c9d2a"}
}
