{"C:\\Users\\Satish\\Downloads\\smart-timetable\\backend\\utils\\helpers.js": {"path":"C:\\Users\\Satish\\Downloads\\smart-timetable\\backend\\utils\\helpers.js","statementMap":{"0":{"start":{"line":4,"column":2},"end":{"line":4,"column":50}},"1":{"start":{"line":8,"column":2},"end":{"line":8,"column":26}},"2":{"start":{"line":11,"column":0},"end":{"line":11,"column":50}}},"fnMap":{"0":{"name":"formatUserName","decl":{"start":{"line":3,"column":9},"end":{"line":3,"column":23}},"loc":{"start":{"line":3,"column":45},"end":{"line":5,"column":1}},"line":3},"1":{"name":"calculateTax","decl":{"start":{"line":7,"column":9},"end":{"line":7,"column":21}},"loc":{"start":{"line":7,"column":45},"end":{"line":9,"column":1}},"line":7}},"branchMap":{"0":{"loc":{"start":{"line":7,"column":30},"end":{"line":7,"column":43}},"type":"default-arg","locations":[{"start":{"line":7,"column":40},"end":{"line":7,"column":43}}],"line":7}},"s":{"0":1,"1":2,"2":1},"f":{"0":1,"1":2},"b":{"0":[1]},"_coverageSchema":"1a1c01bbd47fc00a2c39e90264f33305004495a9","hash":"89c5edcb546ac4f76bb09d890afa488c2a2b0848"}
}
