TN:
SF:app.js
FN:10,(anonymous_0)
FN:14,(anonymous_1)
FN:53,(anonymous_2)
FN:65,(anonymous_3)
FN:74,(anonymous_4)
FN:84,(anonymous_5)
FNF:6
FNH:2
FNDA:2,(anonymous_0)
FNDA:0,(anonymous_1)
FNDA:1,(anonymous_2)
FNDA:0,(anonymous_3)
FNDA:0,(anonymous_4)
FNDA:0,(anonymous_5)
DA:2,1
DA:3,1
DA:4,1
DA:5,1
DA:6,1
DA:7,1
DA:9,1
DA:10,2
DA:12,1
DA:13,0
DA:14,0
DA:15,0
DA:18,1
DA:20,1
DA:22,1
DA:23,1
DA:29,1
DA:30,1
DA:32,1
DA:40,1
DA:43,1
DA:44,1
DA:45,1
DA:46,1
DA:47,1
DA:48,1
DA:49,1
DA:50,1
DA:51,1
DA:53,1
DA:54,1
DA:65,1
DA:66,0
DA:67,0
DA:69,0
DA:71,0
DA:72,0
DA:73,0
DA:74,0
DA:75,0
DA:78,0
DA:84,1
DA:85,0
DA:91,1
LF:44
LH:31
BRDA:12,0,0,0
BRDA:12,0,1,1
BRDA:24,1,0,0
BRDA:24,1,1,1
BRDA:71,2,0,0
BRDA:71,2,1,0
BRDA:72,3,0,0
BRDA:72,3,1,0
BRDA:73,4,0,0
BRDA:73,4,1,0
BRDA:78,5,0,0
BRDA:78,5,1,0
BRDA:80,6,0,0
BRDA:80,6,1,0
BRF:14
BRH:2
end_of_record
TN:
SF:config\database.js
FN:3,(anonymous_0)
FN:21,(anonymous_1)
FN:25,(anonymous_2)
FN:29,(anonymous_3)
FN:34,(anonymous_4)
FNF:5
FNH:1
FNDA:1,(anonymous_0)
FNDA:0,(anonymous_1)
FNDA:0,(anonymous_2)
FNDA:0,(anonymous_3)
FNDA:0,(anonymous_4)
DA:1,1
DA:3,1
DA:4,1
DA:6,1
DA:13,1
DA:15,0
DA:16,0
DA:17,0
DA:18,0
DA:21,0
DA:22,0
DA:25,0
DA:26,0
DA:29,0
DA:30,0
DA:34,0
DA:35,0
DA:36,0
DA:37,0
DA:41,0
DA:42,0
DA:45,0
DA:46,0
DA:47,0
DA:48,0
DA:49,0
DA:50,0
DA:53,0
DA:57,1
LF:29
LH:6
BRDA:18,0,0,0
BRDA:18,0,1,0
BRDA:45,1,0,0
BRDA:45,1,1,0
BRF:4
BRH:0
end_of_record
TN:
SF:middleware\auth.js
FN:5,(anonymous_0)
FN:52,(anonymous_1)
FN:53,(anonymous_2)
FN:65,(anonymous_3)
FN:72,(anonymous_4)
FNF:5
FNH:0
FNDA:0,(anonymous_0)
FNDA:0,(anonymous_1)
FNDA:0,(anonymous_2)
FNDA:0,(anonymous_3)
FNDA:0,(anonymous_4)
DA:1,1
DA:2,1
DA:5,1
DA:8,0
DA:9,0
DA:11,0
DA:14,0
DA:17,0
DA:19,0
DA:20,0
DA:26,0
DA:27,0
DA:33,0
DA:35,0
DA:36,0
DA:43,0
DA:44,0
DA:52,1
DA:53,0
DA:54,0
DA:55,0
DA:60,0
DA:65,1
DA:66,0
DA:72,1
DA:74,0
DA:76,0
DA:83,0
DA:84,0
DA:87,0
DA:102,1
LF:31
LH:7
BRDA:8,0,0,0
BRDA:8,0,1,0
BRDA:8,1,0,0
BRDA:8,1,1,0
BRDA:19,2,0,0
BRDA:19,2,1,0
BRDA:26,3,0,0
BRDA:26,3,1,0
BRDA:43,4,0,0
BRDA:43,4,1,0
BRDA:54,5,0,0
BRDA:54,5,1,0
BRDA:83,6,0,0
BRDA:83,6,1,0
BRF:14
BRH:0
end_of_record
TN:
SF:models\Class.js
FNF:0
FNH:0
DA:1,1
DA:3,1
DA:39,1
LF:3
LH:3
BRF:0
BRH:0
end_of_record
TN:
SF:models\Notification.js
FNF:0
FNH:0
DA:1,1
DA:3,1
DA:53,1
DA:54,1
DA:56,1
LF:5
LH:5
BRF:0
BRH:0
end_of_record
TN:
SF:models\Schedule.js
FN:43,(anonymous_0)
FNF:1
FNH:0
FNDA:0,(anonymous_0)
DA:1,1
DA:3,1
DA:43,1
DA:44,0
DA:45,0
DA:47,0
DA:48,0
DA:50,0
DA:54,1
LF:9
LH:4
BRDA:47,0,0,0
BRDA:47,0,1,0
BRF:2
BRH:0
end_of_record
TN:
SF:models\SpecialClass.js
FN:96,(anonymous_0)
FN:111,(anonymous_1)
FN:122,(anonymous_2)
FN:127,(anonymous_3)
FN:133,(anonymous_4)
FN:147,(anonymous_5)
FN:149,(anonymous_6)
FN:155,(anonymous_7)
FN:160,(anonymous_8)
FNF:9
FNH:0
FNDA:0,(anonymous_0)
FNDA:0,(anonymous_1)
FNDA:0,(anonymous_2)
FNDA:0,(anonymous_3)
FNDA:0,(anonymous_4)
FNDA:0,(anonymous_5)
FNDA:0,(anonymous_6)
FNDA:0,(anonymous_7)
FNDA:0,(anonymous_8)
DA:1,1
DA:3,1
DA:89,1
DA:90,1
DA:91,1
DA:92,1
DA:93,1
DA:96,1
DA:97,0
DA:98,0
DA:100,0
DA:101,0
DA:103,0
DA:104,0
DA:107,0
DA:111,1
DA:112,0
DA:113,0
DA:115,0
DA:116,0
DA:118,0
DA:122,1
DA:123,0
DA:127,1
DA:128,0
DA:129,0
DA:133,1
DA:134,0
DA:135,0
DA:138,0
DA:139,0
DA:142,0
DA:143,0
DA:147,1
DA:148,0
DA:149,0
DA:151,0
DA:155,1
DA:156,0
DA:160,1
DA:161,0
DA:162,0
DA:172,1
LF:43
LH:16
BRDA:103,0,0,0
BRDA:103,0,1,0
BRDA:123,1,0,0
BRDA:123,1,1,0
BRDA:128,2,0,0
BRDA:128,2,1,0
BRDA:134,3,0,0
BRDA:134,3,1,0
BRDA:138,4,0,0
BRDA:138,4,1,0
BRDA:160,5,0,0
BRF:11
BRH:0
end_of_record
TN:
SF:models\Subject.js
FNF:0
FNH:0
DA:1,1
DA:3,1
DA:37,1
LF:3
LH:3
BRF:0
BRH:0
end_of_record
TN:
SF:models\Substitution.js
FNF:0
FNH:0
DA:1,1
DA:3,1
DA:46,1
DA:47,1
DA:48,1
DA:50,1
LF:6
LH:6
BRF:0
BRH:0
end_of_record
TN:
SF:models\Timetable.js
FNF:0
FNH:0
DA:1,1
DA:3,1
DA:31,1
DA:51,1
DA:52,1
DA:53,1
DA:55,1
LF:7
LH:7
BRF:0
BRH:0
end_of_record
TN:
SF:models\User.js
FN:35,(anonymous_0)
FN:61,(anonymous_1)
FN:76,(anonymous_2)
FNF:3
FNH:0
FNDA:0,(anonymous_0)
FNDA:0,(anonymous_1)
FNDA:0,(anonymous_2)
DA:1,1
DA:2,1
DA:4,1
DA:36,0
DA:61,1
DA:62,0
DA:63,0
DA:66,0
DA:67,0
DA:68,0
DA:69,0
DA:71,0
DA:76,1
DA:77,0
DA:80,1
LF:15
LH:6
BRDA:36,0,0,0
BRDA:36,0,1,0
BRDA:62,1,0,0
BRDA:62,1,1,0
BRF:4
BRH:0
end_of_record
TN:
SF:routes\auth.js
FN:17,(anonymous_0)
FN:66,(anonymous_1)
FN:119,(anonymous_2)
FN:152,(anonymous_3)
FN:218,(anonymous_4)
FN:261,(anonymous_5)
FNF:6
FNH:0
FNDA:0,(anonymous_0)
FNDA:0,(anonymous_1)
FNDA:0,(anonymous_2)
FNDA:0,(anonymous_3)
FNDA:0,(anonymous_4)
FNDA:0,(anonymous_5)
DA:1,1
DA:2,1
DA:3,1
DA:4,1
DA:6,1
DA:11,1
DA:18,0
DA:20,0
DA:21,0
DA:22,0
DA:29,0
DA:32,0
DA:33,0
DA:34,0
DA:41,0
DA:50,0
DA:52,0
DA:53,0
DA:63,1
DA:67,0
DA:69,0
DA:70,0
DA:71,0
DA:78,0
DA:81,0
DA:82,0
DA:83,0
DA:90,0
DA:91,0
DA:98,0
DA:99,0
DA:100,0
DA:106,0
DA:108,0
DA:109,0
DA:119,1
DA:120,0
DA:121,0
DA:123,0
DA:137,0
DA:138,0
DA:148,1
DA:153,0
DA:155,0
DA:156,0
DA:157,0
DA:164,0
DA:165,0
DA:167,0
DA:168,0
DA:170,0
DA:171,0
DA:172,0
DA:177,0
DA:179,0
DA:180,0
DA:182,0
DA:191,0
DA:204,0
DA:205,0
DA:215,1
DA:219,0
DA:221,0
DA:222,0
DA:223,0
DA:230,0
DA:233,0
DA:236,0
DA:237,0
DA:238,0
DA:245,0
DA:246,0
DA:248,0
DA:250,0
DA:251,0
DA:261,1
DA:262,0
DA:267,0
DA:273,1
LF:79
LH:12
BRDA:21,0,0,0
BRDA:21,0,1,0
BRDA:33,1,0,0
BRDA:33,1,1,0
BRDA:47,2,0,0
BRDA:47,2,1,0
BRDA:70,3,0,0
BRDA:70,3,1,0
BRDA:82,4,0,0
BRDA:82,4,1,0
BRDA:90,5,0,0
BRDA:90,5,1,0
BRDA:99,6,0,0
BRDA:99,6,1,0
BRDA:156,7,0,0
BRDA:156,7,1,0
BRDA:167,8,0,0
BRDA:167,8,1,0
BRDA:168,9,0,0
BRDA:168,9,1,0
BRDA:171,10,0,0
BRDA:171,10,1,0
BRDA:179,11,0,0
BRDA:179,11,1,0
BRDA:180,12,0,0
BRDA:180,12,1,0
BRDA:222,13,0,0
BRDA:222,13,1,0
BRDA:237,14,0,0
BRDA:237,14,1,0
BRF:30
BRH:0
end_of_record
TN:
SF:routes\classes.js
FN:9,(anonymous_0)
FN:47,(anonymous_1)
FN:77,(anonymous_2)
FN:127,(anonymous_3)
FN:175,(anonymous_4)
FNF:5
FNH:0
FNDA:0,(anonymous_0)
FNDA:0,(anonymous_1)
FNDA:0,(anonymous_2)
FNDA:0,(anonymous_3)
FNDA:0,(anonymous_4)
DA:1,1
DA:2,1
DA:3,1
DA:4,1
DA:9,1
DA:10,0
DA:11,0
DA:14,0
DA:15,0
DA:16,0
DA:17,0
DA:19,0
DA:26,0
DA:28,0
DA:35,0
DA:36,0
DA:47,1
DA:48,0
DA:49,0
DA:53,0
DA:54,0
DA:60,0
DA:65,0
DA:66,0
DA:77,1
DA:78,0
DA:79,0
DA:80,0
DA:81,0
DA:84,0
DA:85,0
DA:86,0
DA:93,0
DA:94,0
DA:95,0
DA:98,0
DA:100,0
DA:101,0
DA:103,0
DA:107,0
DA:109,0
DA:114,0
DA:115,0
DA:116,0
DA:127,1
DA:128,0
DA:130,0
DA:131,0
DA:138,0
DA:139,0
DA:140,0
DA:143,0
DA:151,0
DA:152,0
DA:158,0
DA:163,0
DA:164,0
DA:175,1
DA:176,0
DA:178,0
DA:179,0
DA:185,0
DA:187,0
DA:188,0
DA:194,0
DA:199,0
DA:200,0
DA:208,1
LF:68
LH:10
BRDA:11,0,0,0
BRDA:11,1,0,0
BRDA:15,2,0,0
BRDA:15,2,1,0
BRDA:16,3,0,0
BRDA:16,3,1,0
BRDA:17,4,0,0
BRDA:17,4,1,0
BRDA:53,5,0,0
BRDA:53,5,1,0
BRDA:84,6,0,0
BRDA:84,6,1,0
BRDA:94,7,0,0
BRDA:94,7,1,0
BRDA:94,8,0,0
BRDA:94,8,1,0
BRDA:94,8,2,0
BRDA:94,8,3,0
BRDA:130,9,0,0
BRDA:130,9,1,0
BRDA:139,10,0,0
BRDA:139,10,1,0
BRDA:139,11,0,0
BRDA:139,11,1,0
BRDA:139,11,2,0
BRDA:139,11,3,0
BRDA:151,12,0,0
BRDA:151,12,1,0
BRDA:178,13,0,0
BRDA:178,13,1,0
BRDA:187,14,0,0
BRDA:187,14,1,0
BRF:32
BRH:0
end_of_record
TN:
SF:routes\notifications.js
FN:9,(anonymous_0)
FN:50,(anonymous_1)
FN:82,(anonymous_2)
FN:106,(anonymous_3)
FN:137,(anonymous_4)
FNF:5
FNH:0
FNDA:0,(anonymous_0)
FNDA:0,(anonymous_1)
FNDA:0,(anonymous_2)
FNDA:0,(anonymous_3)
FNDA:0,(anonymous_4)
DA:1,1
DA:2,1
DA:3,1
DA:4,1
DA:9,1
DA:10,0
DA:11,0
DA:13,0
DA:14,0
DA:15,0
DA:18,0
DA:23,0
DA:24,0
DA:29,0
DA:38,0
DA:39,0
DA:50,1
DA:51,0
DA:52,0
DA:58,0
DA:59,0
DA:65,0
DA:70,0
DA:71,0
DA:82,1
DA:83,0
DA:84,0
DA:89,0
DA:94,0
DA:95,0
DA:106,1
DA:107,0
DA:108,0
DA:113,0
DA:114,0
DA:120,0
DA:125,0
DA:126,0
DA:137,1
DA:138,0
DA:139,0
DA:140,0
DA:146,0
DA:148,0
DA:153,0
DA:154,0
DA:162,1
LF:47
LH:10
BRDA:11,0,0,0
BRDA:11,1,0,0
BRDA:11,2,0,0
BRDA:14,3,0,0
BRDA:14,3,1,0
BRDA:58,4,0,0
BRDA:58,4,1,0
BRDA:113,5,0,0
BRDA:113,5,1,0
BRDA:139,6,0,0
BRDA:139,6,1,0
BRDA:139,7,0,0
BRDA:139,7,1,0
BRF:13
BRH:0
end_of_record
TN:
SF:routes\schedules.js
FN:15,(anonymous_0)
FN:54,(anonymous_1)
FN:105,(anonymous_2)
FN:173,(anonymous_3)
FN:215,(anonymous_4)
FN:226,(anonymous_5)
FN:235,(anonymous_6)
FN:259,(anonymous_7)
FN:298,(anonymous_8)
FN:402,(anonymous_9)
FN:475,(anonymous_10)
FN:514,(anonymous_11)
FN:571,(anonymous_12)
FN:603,(anonymous_13)
FN:617,(anonymous_14)
FN:618,(anonymous_15)
FN:633,(anonymous_16)
FN:652,(anonymous_17)
FN:653,(anonymous_18)
FN:680,(anonymous_19)
FN:681,(anonymous_20)
FN:682,(anonymous_21)
FNF:22
FNH:0
FNDA:0,(anonymous_0)
FNDA:0,(anonymous_1)
FNDA:0,(anonymous_2)
FNDA:0,(anonymous_3)
FNDA:0,(anonymous_4)
FNDA:0,(anonymous_5)
FNDA:0,(anonymous_6)
FNDA:0,(anonymous_7)
FNDA:0,(anonymous_8)
FNDA:0,(anonymous_9)
FNDA:0,(anonymous_10)
FNDA:0,(anonymous_11)
FNDA:0,(anonymous_12)
FNDA:0,(anonymous_13)
FNDA:0,(anonymous_14)
FNDA:0,(anonymous_15)
FNDA:0,(anonymous_16)
FNDA:0,(anonymous_17)
FNDA:0,(anonymous_18)
FNDA:0,(anonymous_19)
FNDA:0,(anonymous_20)
FNDA:0,(anonymous_21)
DA:1,1
DA:2,1
DA:3,1
DA:4,1
DA:5,1
DA:6,1
DA:7,1
DA:8,1
DA:9,1
DA:10,1
DA:15,1
DA:16,0
DA:27,0
DA:30,0
DA:32,0
DA:33,0
DA:34,0
DA:35,0
DA:36,0
DA:38,0
DA:39,0
DA:46,0
DA:47,0
DA:48,0
DA:51,0
DA:52,0
DA:53,0
DA:54,0
DA:55,0
DA:59,0
DA:61,0
DA:62,0
DA:69,0
DA:71,0
DA:82,0
DA:83,0
DA:94,0
DA:95,0
DA:105,1
DA:106,0
DA:115,0
DA:130,0
DA:138,0
DA:139,0
DA:145,0
DA:161,0
DA:162,0
DA:173,1
DA:174,0
DA:175,0
DA:176,0
DA:179,0
DA:187,0
DA:190,0
DA:196,0
DA:209,0
DA:215,0
DA:217,0
DA:226,0
DA:235,0
DA:247,0
DA:248,0
DA:259,1
DA:260,0
DA:261,0
DA:266,0
DA:267,0
DA:273,0
DA:278,0
DA:279,0
DA:289,1
DA:299,0
DA:300,0
DA:301,0
DA:307,0
DA:308,0
DA:309,0
DA:325,0
DA:328,0
DA:329,0
DA:330,0
DA:337,0
DA:357,0
DA:358,0
DA:364,0
DA:376,0
DA:377,0
DA:379,0
DA:385,0
DA:386,0
DA:396,1
DA:403,0
DA:404,0
DA:405,0
DA:406,0
DA:413,0
DA:414,0
DA:415,0
DA:422,0
DA:423,0
DA:439,0
DA:442,0
DA:443,0
DA:444,0
DA:445,0
DA:446,0
DA:447,0
DA:448,0
DA:449,0
DA:450,0
DA:452,0
DA:453,0
DA:455,0
DA:456,0
DA:458,0
DA:464,0
DA:465,0
DA:475,1
DA:476,0
DA:477,0
DA:478,0
DA:484,0
DA:485,0
DA:486,0
DA:492,0
DA:494,0
DA:499,0
DA:500,0
DA:510,1
DA:515,0
DA:516,0
DA:517,0
DA:518,0
DA:525,0
DA:526,0
DA:527,0
DA:534,0
DA:535,0
DA:541,0
DA:544,0
DA:545,0
DA:546,0
DA:548,0
DA:549,0
DA:550,0
DA:552,0
DA:554,0
DA:560,0
DA:561,0
DA:571,1
DA:572,0
DA:574,0
DA:575,0
DA:581,0
DA:582,0
DA:583,0
DA:586,0
DA:588,0
DA:589,0
DA:603,0
DA:606,0
DA:616,0
DA:617,0
DA:618,0
DA:619,0
DA:633,0
DA:634,0
DA:638,0
DA:639,0
DA:640,0
DA:641,0
DA:643,0
DA:652,0
DA:653,0
DA:654,0
DA:658,0
DA:659,0
DA:667,0
DA:674,0
DA:680,0
DA:681,0
DA:682,0
DA:683,0
DA:687,0
DA:689,0
DA:704,0
DA:705,0
DA:713,1
LF:188
LH:20
BRDA:25,0,0,0
BRDA:26,1,0,0
BRDA:32,2,0,0
BRDA:32,2,1,0
BRDA:33,3,0,0
BRDA:33,3,1,0
BRDA:34,4,0,0
BRDA:34,4,1,0
BRDA:35,5,0,0
BRDA:35,5,1,0
BRDA:35,6,0,0
BRDA:35,6,1,0
BRDA:36,7,0,0
BRDA:36,7,1,0
BRDA:38,8,0,0
BRDA:38,8,1,0
BRDA:38,9,0,0
BRDA:38,9,1,0
BRDA:46,10,0,0
BRDA:46,10,1,0
BRDA:48,11,0,0
BRDA:48,11,1,0
BRDA:53,12,0,0
BRDA:53,12,1,0
BRDA:53,13,0,0
BRDA:53,13,1,0
BRDA:224,14,0,0
BRDA:224,14,1,0
BRDA:228,15,0,0
BRDA:228,15,1,0
BRDA:229,16,0,0
BRDA:229,16,1,0
BRDA:237,17,0,0
BRDA:237,17,1,0
BRDA:239,18,0,0
BRDA:239,18,1,0
BRDA:240,19,0,0
BRDA:240,19,1,0
BRDA:266,20,0,0
BRDA:266,20,1,0
BRDA:300,21,0,0
BRDA:300,21,1,0
BRDA:308,22,0,0
BRDA:308,22,1,0
BRDA:329,23,0,0
BRDA:329,23,1,0
BRDA:329,24,0,0
BRDA:329,24,1,0
BRDA:357,25,0,0
BRDA:357,25,1,0
BRDA:405,26,0,0
BRDA:405,26,1,0
BRDA:414,27,0,0
BRDA:414,27,1,0
BRDA:422,28,0,0
BRDA:422,28,1,0
BRDA:422,29,0,0
BRDA:422,29,1,0
BRDA:442,30,0,0
BRDA:442,30,1,0
BRDA:443,31,0,0
BRDA:443,31,1,0
BRDA:444,32,0,0
BRDA:444,32,1,0
BRDA:445,33,0,0
BRDA:445,33,1,0
BRDA:446,34,0,0
BRDA:446,34,1,0
BRDA:447,35,0,0
BRDA:447,35,1,0
BRDA:448,36,0,0
BRDA:448,36,1,0
BRDA:449,37,0,0
BRDA:449,37,1,0
BRDA:450,38,0,0
BRDA:450,38,1,0
BRDA:477,39,0,0
BRDA:477,39,1,0
BRDA:485,40,0,0
BRDA:485,40,1,0
BRDA:517,41,0,0
BRDA:517,41,1,0
BRDA:526,42,0,0
BRDA:526,42,1,0
BRDA:534,43,0,0
BRDA:534,43,1,0
BRDA:534,44,0,0
BRDA:534,44,1,0
BRDA:545,45,0,0
BRDA:545,45,1,0
BRDA:574,46,0,0
BRDA:574,46,1,0
BRDA:588,47,0,0
BRDA:588,47,1,0
BRDA:588,48,0,0
BRDA:588,48,1,0
BRDA:654,49,0,0
BRDA:654,49,1,0
BRDA:658,50,0,0
BRDA:658,50,1,0
BRDA:662,51,0,0
BRDA:662,51,1,0
BRDA:683,52,0,0
BRDA:683,52,1,0
BRDA:687,53,0,0
BRDA:687,53,1,0
BRDA:693,54,0,0
BRDA:693,54,1,0
BRF:108
BRH:0
end_of_record
TN:
SF:routes\specialClasses.js
FN:9,(anonymous_0)
FN:54,(anonymous_1)
FN:85,(anonymous_2)
FN:128,(anonymous_3)
FN:177,(anonymous_4)
FN:218,(anonymous_5)
FN:266,(anonymous_6)
FN:307,(anonymous_7)
FNF:8
FNH:0
FNDA:0,(anonymous_0)
FNDA:0,(anonymous_1)
FNDA:0,(anonymous_2)
FNDA:0,(anonymous_3)
FNDA:0,(anonymous_4)
FNDA:0,(anonymous_5)
FNDA:0,(anonymous_6)
FNDA:0,(anonymous_7)
DA:1,1
DA:2,1
DA:3,1
DA:4,1
DA:9,1
DA:10,0
DA:11,0
DA:14,0
DA:15,0
DA:16,0
DA:17,0
DA:18,0
DA:21,0
DA:22,0
DA:25,0
DA:33,0
DA:35,0
DA:42,0
DA:43,0
DA:54,1
DA:55,0
DA:56,0
DA:61,0
DA:62,0
DA:68,0
DA:73,0
DA:74,0
DA:85,1
DA:86,0
DA:88,0
DA:89,0
DA:96,0
DA:102,0
DA:103,0
DA:106,0
DA:107,0
DA:111,0
DA:116,0
DA:117,0
DA:128,1
DA:129,0
DA:130,0
DA:132,0
DA:133,0
DA:140,0
DA:141,0
DA:142,0
DA:144,0
DA:145,0
DA:151,0
DA:160,0
DA:165,0
DA:166,0
DA:177,1
DA:178,0
DA:179,0
DA:181,0
DA:182,0
DA:189,0
DA:190,0
DA:192,0
DA:193,0
DA:199,0
DA:201,0
DA:206,0
DA:207,0
DA:218,1
DA:219,0
DA:220,0
DA:221,0
DA:227,0
DA:229,0
DA:230,0
DA:236,0
DA:237,0
DA:243,0
DA:245,0
DA:249,0
DA:255,0
DA:256,0
DA:266,1
DA:267,0
DA:268,0
DA:269,0
DA:275,0
DA:277,0
DA:278,0
DA:284,0
DA:286,0
DA:290,0
DA:296,0
DA:297,0
DA:307,1
DA:308,0
DA:309,0
DA:311,0
DA:313,0
DA:319,0
DA:320,0
DA:328,1
LF:100
LH:13
BRDA:11,0,0,0
BRDA:11,1,0,0
BRDA:15,2,0,0
BRDA:15,2,1,0
BRDA:16,3,0,0
BRDA:16,3,1,0
BRDA:17,4,0,0
BRDA:17,4,1,0
BRDA:18,5,0,0
BRDA:18,5,1,0
BRDA:21,6,0,0
BRDA:21,6,1,0
BRDA:61,7,0,0
BRDA:61,7,1,0
BRDA:88,8,0,0
BRDA:88,8,1,0
BRDA:88,9,0,0
BRDA:88,9,1,0
BRDA:102,10,0,0
BRDA:102,10,1,0
BRDA:102,11,0,0
BRDA:102,11,1,0
BRDA:132,12,0,0
BRDA:132,12,1,0
BRDA:144,13,0,0
BRDA:144,13,1,0
BRDA:144,14,0,0
BRDA:144,14,1,0
BRDA:144,14,2,0
BRDA:181,15,0,0
BRDA:181,15,1,0
BRDA:192,16,0,0
BRDA:192,16,1,0
BRDA:192,17,0,0
BRDA:192,17,1,0
BRDA:220,18,0,0
BRDA:220,18,1,0
BRDA:229,19,0,0
BRDA:229,19,1,0
BRDA:236,20,0,0
BRDA:236,20,1,0
BRDA:258,21,0,0
BRDA:258,21,1,0
BRDA:268,22,0,0
BRDA:268,22,1,0
BRDA:277,23,0,0
BRDA:277,23,1,0
BRDA:309,24,0,0
BRF:48
BRH:0
end_of_record
TN:
SF:routes\subjects.js
FN:9,(anonymous_0)
FN:44,(anonymous_1)
FN:72,(anonymous_2)
FN:101,(anonymous_3)
FN:141,(anonymous_4)
FNF:5
FNH:0
FNDA:0,(anonymous_0)
FNDA:0,(anonymous_1)
FNDA:0,(anonymous_2)
FNDA:0,(anonymous_3)
FNDA:0,(anonymous_4)
DA:1,1
DA:2,1
DA:3,1
DA:4,1
DA:9,1
DA:10,0
DA:11,0
DA:14,0
DA:15,0
DA:16,0
DA:18,0
DA:23,0
DA:25,0
DA:32,0
DA:33,0
DA:44,1
DA:45,0
DA:46,0
DA:48,0
DA:49,0
DA:55,0
DA:60,0
DA:61,0
DA:72,1
DA:73,0
DA:75,0
DA:76,0
DA:82,0
DA:84,0
DA:89,0
DA:90,0
DA:101,1
DA:102,0
DA:104,0
DA:105,0
DA:111,0
DA:117,0
DA:118,0
DA:124,0
DA:129,0
DA:130,0
DA:141,1
DA:142,0
DA:144,0
DA:145,0
DA:151,0
DA:153,0
DA:154,0
DA:160,0
DA:165,0
DA:166,0
DA:174,1
LF:52
LH:10
BRDA:11,0,0,0
BRDA:11,1,0,0
BRDA:15,2,0,0
BRDA:15,2,1,0
BRDA:16,3,0,0
BRDA:16,3,1,0
BRDA:48,4,0,0
BRDA:48,4,1,0
BRDA:75,5,0,0
BRDA:75,5,1,0
BRDA:104,6,0,0
BRDA:104,6,1,0
BRDA:117,7,0,0
BRDA:117,7,1,0
BRDA:144,8,0,0
BRDA:144,8,1,0
BRDA:153,9,0,0
BRDA:153,9,1,0
BRF:18
BRH:0
end_of_record
TN:
SF:routes\substitutions.js
FN:9,(anonymous_0)
FN:54,(anonymous_1)
FN:85,(anonymous_2)
FN:146,(anonymous_3)
FN:195,(anonymous_4)
FN:236,(anonymous_5)
FNF:6
FNH:0
FNDA:0,(anonymous_0)
FNDA:0,(anonymous_1)
FNDA:0,(anonymous_2)
FNDA:0,(anonymous_3)
FNDA:0,(anonymous_4)
FNDA:0,(anonymous_5)
DA:1,1
DA:2,1
DA:3,1
DA:4,1
DA:9,1
DA:10,0
DA:11,0
DA:14,0
DA:15,0
DA:16,0
DA:17,0
DA:18,0
DA:19,0
DA:20,0
DA:21,0
DA:22,0
DA:25,0
DA:33,0
DA:35,0
DA:42,0
DA:43,0
DA:54,1
DA:55,0
DA:56,0
DA:61,0
DA:62,0
DA:68,0
DA:73,0
DA:74,0
DA:85,1
DA:86,0
DA:88,0
DA:89,0
DA:92,0
DA:93,0
DA:99,0
DA:100,0
DA:102,0
DA:114,0
DA:115,0
DA:117,0
DA:118,0
DA:129,0
DA:134,0
DA:135,0
DA:146,1
DA:147,0
DA:148,0
DA:150,0
DA:151,0
DA:158,0
DA:159,0
DA:160,0
DA:162,0
DA:163,0
DA:169,0
DA:178,0
DA:183,0
DA:184,0
DA:195,1
DA:196,0
DA:197,0
DA:199,0
DA:200,0
DA:207,0
DA:208,0
DA:210,0
DA:211,0
DA:217,0
DA:219,0
DA:224,0
DA:225,0
DA:236,1
DA:237,0
DA:239,0
DA:240,0
DA:246,0
DA:248,0
DA:249,0
DA:255,0
DA:264,0
DA:265,0
DA:271,0
DA:276,0
DA:277,0
DA:285,1
LF:86
LH:11
BRDA:11,0,0,0
BRDA:11,1,0,0
BRDA:15,2,0,0
BRDA:15,2,1,0
BRDA:16,3,0,0
BRDA:16,3,1,0
BRDA:17,4,0,0
BRDA:17,4,1,0
BRDA:18,5,0,0
BRDA:18,5,1,0
BRDA:61,6,0,0
BRDA:61,6,1,0
BRDA:88,7,0,0
BRDA:88,7,1,0
BRDA:99,8,0,0
BRDA:99,8,1,0
BRDA:99,9,0,0
BRDA:99,9,1,0
BRDA:150,10,0,0
BRDA:150,10,1,0
BRDA:160,11,0,0
BRDA:160,11,1,0
BRDA:162,12,0,0
BRDA:162,12,1,0
BRDA:162,13,0,0
BRDA:162,13,1,0
BRDA:162,13,2,0
BRDA:199,14,0,0
BRDA:199,14,1,0
BRDA:210,15,0,0
BRDA:210,15,1,0
BRDA:210,16,0,0
BRDA:210,16,1,0
BRDA:239,17,0,0
BRDA:239,17,1,0
BRDA:248,18,0,0
BRDA:248,18,1,0
BRDA:264,19,0,0
BRDA:264,19,1,0
BRF:39
BRH:0
end_of_record
TN:
SF:routes\timetables.js
FN:11,(anonymous_0)
FN:36,(anonymous_1)
FN:38,(anonymous_2)
FN:81,(anonymous_3)
FN:112,(anonymous_4)
FN:213,(anonymous_5)
FN:312,(anonymous_6)
FN:387,(anonymous_7)
FN:430,(anonymous_8)
FN:473,(anonymous_9)
FN:498,(anonymous_10)
FN:536,(anonymous_11)
FN:537,(anonymous_12)
FN:539,(anonymous_13)
FN:586,(anonymous_14)
FN:612,(anonymous_15)
FNF:16
FNH:0
FNDA:0,(anonymous_0)
FNDA:0,(anonymous_1)
FNDA:0,(anonymous_2)
FNDA:0,(anonymous_3)
FNDA:0,(anonymous_4)
FNDA:0,(anonymous_5)
FNDA:0,(anonymous_6)
FNDA:0,(anonymous_7)
FNDA:0,(anonymous_8)
FNDA:0,(anonymous_9)
FNDA:0,(anonymous_10)
FNDA:0,(anonymous_11)
FNDA:0,(anonymous_12)
FNDA:0,(anonymous_13)
FNDA:0,(anonymous_14)
FNDA:0,(anonymous_15)
DA:1,1
DA:2,1
DA:3,1
DA:4,1
DA:5,1
DA:6,1
DA:11,1
DA:12,0
DA:13,0
DA:15,0
DA:16,0
DA:19,0
DA:20,0
DA:21,0
DA:22,0
DA:24,0
DA:32,0
DA:35,0
DA:36,0
DA:37,0
DA:38,0
DA:39,0
DA:58,0
DA:60,0
DA:62,0
DA:69,0
DA:70,0
DA:81,1
DA:82,0
DA:83,0
DA:88,0
DA:89,0
DA:95,0
DA:100,0
DA:101,0
DA:112,1
DA:113,0
DA:114,0
DA:115,0
DA:116,0
DA:119,0
DA:120,0
DA:127,0
DA:130,0
DA:131,0
DA:134,0
DA:136,0
DA:137,0
DA:139,0
DA:146,0
DA:148,0
DA:153,0
DA:158,0
DA:160,0
DA:172,0
DA:173,0
DA:175,0
DA:180,0
DA:186,0
DA:188,0
DA:189,0
DA:194,0
DA:200,0
DA:201,0
DA:202,0
DA:213,1
DA:214,0
DA:215,0
DA:216,0
DA:217,0
DA:220,0
DA:221,0
DA:228,0
DA:229,0
DA:230,0
DA:233,0
DA:241,0
DA:244,0
DA:263,0
DA:264,0
DA:270,0
DA:275,0
DA:277,0
DA:286,0
DA:287,0
DA:293,0
DA:299,0
DA:300,0
DA:301,0
DA:312,1
DA:313,0
DA:314,0
DA:315,0
DA:318,0
DA:319,0
DA:326,0
DA:327,0
DA:328,0
DA:330,0
DA:339,0
DA:340,0
DA:347,0
DA:348,0
DA:349,0
DA:352,0
DA:357,0
DA:359,0
DA:361,0
DA:362,0
DA:368,0
DA:374,0
DA:375,0
DA:376,0
DA:387,1
DA:388,0
DA:390,0
DA:391,0
DA:397,0
DA:406,0
DA:407,0
DA:413,0
DA:418,0
DA:419,0
DA:430,1
DA:431,0
DA:433,0
DA:434,0
DA:440,0
DA:449,0
DA:450,0
DA:456,0
DA:461,0
DA:462,0
DA:473,1
DA:474,0
DA:476,0
DA:477,0
DA:483,0
DA:486,0
DA:489,0
DA:491,0
DA:492,0
DA:498,0
DA:501,0
DA:502,0
DA:503,0
DA:507,0
DA:514,0
DA:515,0
DA:517,0
DA:518,0
DA:520,0
DA:523,0
DA:527,0
DA:536,0
DA:537,0
DA:539,0
DA:540,0
DA:545,0
DA:560,0
DA:569,0
DA:574,0
DA:575,0
DA:586,1
DA:587,0
DA:589,0
DA:590,0
DA:596,0
DA:599,0
DA:604,0
DA:605,0
DA:612,0
DA:614,0
DA:615,0
DA:622,0
DA:623,0
DA:625,0
DA:637,0
DA:670,0
DA:675,0
DA:676,0
DA:684,1
LF:182
LH:16
BRDA:13,0,0,0
BRDA:13,1,0,0
BRDA:20,2,0,0
BRDA:20,2,1,0
BRDA:21,3,0,0
BRDA:21,3,1,0
BRDA:22,4,0,0
BRDA:22,4,1,0
BRDA:37,5,0,0
BRDA:37,5,1,0
BRDA:37,6,0,0
BRDA:37,6,1,0
BRDA:51,7,0,0
BRDA:51,7,1,0
BRDA:88,8,0,0
BRDA:88,8,1,0
BRDA:119,9,0,0
BRDA:119,9,1,0
BRDA:130,10,0,0
BRDA:130,10,1,0
BRDA:130,11,0,0
BRDA:130,11,1,0
BRDA:130,11,2,0
BRDA:130,11,3,0
BRDA:130,11,4,0
BRDA:136,12,0,0
BRDA:136,12,1,0
BRDA:220,13,0,0
BRDA:220,13,1,0
BRDA:228,14,0,0
BRDA:228,14,1,0
BRDA:263,15,0,0
BRDA:263,15,1,0
BRDA:286,16,0,0
BRDA:286,16,1,0
BRDA:318,17,0,0
BRDA:318,17,1,0
BRDA:326,18,0,0
BRDA:326,18,1,0
BRDA:339,19,0,0
BRDA:339,19,1,0
BRDA:347,20,0,0
BRDA:347,20,1,0
BRDA:361,21,0,0
BRDA:361,21,1,0
BRDA:390,22,0,0
BRDA:390,22,1,0
BRDA:406,23,0,0
BRDA:406,23,1,0
BRDA:433,24,0,0
BRDA:433,24,1,0
BRDA:449,25,0,0
BRDA:449,25,1,0
BRDA:476,26,0,0
BRDA:476,26,1,0
BRDA:491,27,0,0
BRDA:491,27,1,0
BRDA:491,28,0,0
BRDA:491,28,1,0
BRDA:502,29,0,0
BRDA:502,29,1,0
BRDA:518,30,0,0
BRDA:518,30,1,0
BRDA:540,31,0,0
BRDA:540,31,1,0
BRDA:540,31,2,0
BRDA:551,32,0,0
BRDA:551,32,1,0
BRDA:552,33,0,0
BRDA:552,33,1,0
BRDA:556,34,0,0
BRDA:556,34,1,0
BRDA:589,35,0,0
BRDA:589,35,1,0
BRDA:604,36,0,0
BRDA:604,36,1,0
BRDA:614,37,0,0
BRDA:614,37,1,0
BRDA:660,38,0,0
BRDA:660,38,1,0
BRDA:663,39,0,0
BRDA:663,39,1,0
BRF:82
BRH:0
end_of_record
TN:
SF:routes\users.js
FN:11,(anonymous_0)
FN:26,(anonymous_1)
FN:27,(anonymous_2)
FN:28,(anonymous_3)
FN:48,(anonymous_4)
FN:90,(anonymous_5)
FN:168,(anonymous_6)
FN:248,(anonymous_7)
FN:291,(anonymous_8)
FN:306,(anonymous_9)
FN:313,(anonymous_10)
FNF:11
FNH:0
FNDA:0,(anonymous_0)
FNDA:0,(anonymous_1)
FNDA:0,(anonymous_2)
FNDA:0,(anonymous_3)
FNDA:0,(anonymous_4)
FNDA:0,(anonymous_5)
FNDA:0,(anonymous_6)
FNDA:0,(anonymous_7)
FNDA:0,(anonymous_8)
FNDA:0,(anonymous_9)
FNDA:0,(anonymous_10)
DA:1,1
DA:2,1
DA:3,1
DA:4,1
DA:5,1
DA:6,1
DA:11,1
DA:12,0
DA:13,0
DA:14,0
DA:20,0
DA:24,0
DA:26,0
DA:27,0
DA:28,0
DA:31,0
DA:37,0
DA:38,0
DA:48,1
DA:49,0
DA:50,0
DA:52,0
DA:53,0
DA:60,0
DA:61,0
DA:67,0
DA:72,0
DA:73,0
DA:83,1
DA:91,0
DA:92,0
DA:93,0
DA:99,0
DA:100,0
DA:101,0
DA:108,0
DA:111,0
DA:112,0
DA:113,0
DA:120,0
DA:121,0
DA:124,0
DA:134,0
DA:136,0
DA:150,0
DA:151,0
DA:161,1
DA:169,0
DA:170,0
DA:171,0
DA:172,0
DA:179,0
DA:180,0
DA:181,0
DA:188,0
DA:189,0
DA:195,0
DA:198,0
DA:199,0
DA:200,0
DA:201,0
DA:209,0
DA:210,0
DA:211,0
DA:212,0
DA:213,0
DA:215,0
DA:216,0
DA:217,0
DA:218,0
DA:220,0
DA:222,0
DA:237,0
DA:238,0
DA:248,1
DA:249,0
DA:250,0
DA:251,0
DA:257,0
DA:258,0
DA:259,0
DA:266,0
DA:267,0
DA:273,0
DA:275,0
DA:280,0
DA:281,0
DA:291,1
DA:292,0
DA:293,0
DA:295,0
DA:296,0
DA:302,0
DA:306,0
DA:307,0
DA:308,0
DA:310,0
DA:313,0
DA:314,0
DA:318,0
DA:323,0
DA:324,0
DA:331,1
LF:103
LH:13
BRDA:13,0,0,0
BRDA:13,0,1,0
BRDA:52,1,0,0
BRDA:52,1,1,0
BRDA:60,2,0,0
BRDA:60,2,1,0
BRDA:60,3,0,0
BRDA:60,3,1,0
BRDA:92,4,0,0
BRDA:92,4,1,0
BRDA:100,5,0,0
BRDA:100,5,1,0
BRDA:112,6,0,0
BRDA:112,6,1,0
BRDA:130,7,0,0
BRDA:130,7,1,0
BRDA:131,8,0,0
BRDA:131,8,1,0
BRDA:171,9,0,0
BRDA:171,9,1,0
BRDA:180,10,0,0
BRDA:180,10,1,0
BRDA:188,11,0,0
BRDA:188,11,1,0
BRDA:188,12,0,0
BRDA:188,12,1,0
BRDA:198,13,0,0
BRDA:198,13,1,0
BRDA:198,14,0,0
BRDA:198,14,1,0
BRDA:200,15,0,0
BRDA:200,15,1,0
BRDA:209,16,0,0
BRDA:209,16,1,0
BRDA:210,17,0,0
BRDA:210,17,1,0
BRDA:211,18,0,0
BRDA:211,18,1,0
BRDA:215,19,0,0
BRDA:215,19,1,0
BRDA:215,20,0,0
BRDA:215,20,1,0
BRDA:216,21,0,0
BRDA:216,21,1,0
BRDA:217,22,0,0
BRDA:217,22,1,0
BRDA:218,23,0,0
BRDA:218,23,1,0
BRDA:218,24,0,0
BRDA:218,24,1,0
BRDA:250,25,0,0
BRDA:250,25,1,0
BRDA:258,26,0,0
BRDA:258,26,1,0
BRDA:266,27,0,0
BRDA:266,27,1,0
BRDA:295,28,0,0
BRDA:295,28,1,0
BRDA:295,29,0,0
BRDA:295,29,1,0
BRDA:295,29,2,0
BRDA:310,30,0,0
BRDA:310,30,1,0
BRDA:310,31,0,0
BRDA:310,31,1,0
BRDA:314,32,0,0
BRDA:314,32,1,0
BRF:67
BRH:0
end_of_record
TN:
SF:utils\math.js
FN:1,add
FNF:1
FNH:1
FNDA:1,add
DA:2,1
DA:5,1
LF:2
LH:2
BRF:0
BRH:0
end_of_record
